<?xml version="1.0" encoding="UTF-8"?>
<robot generator="Robot 7.0.1 (Python 3.12.5 on win32)" generated="2024-10-26T10:26:43.217286" rpa="false" schemaversion="5">
<suite id="s1" name="Tests" source="C:\Desenvolvimento\Projetos_VisualCode\Projeto_Robot\saucedemo-robot\tests">
<suite id="s1-s1" name="Home" source="C:\Desenvolvimento\Projetos_VisualCode\Projeto_Robot\saucedemo-robot\tests\home.robot">
<test id="s1-s1-t1" name="Acessar homepage" line="21">
<kw name="Iniciar testes" owner="Base" type="SETUP">
<kw name="New Browser" owner="Browser">
<msg time="2024-10-26T10:26:47.576190" level="INFO">{"browser": "chromium", "headless": false, "chromiumSandbox": false, "devtools": false, "handleSIGHUP": true, "handleSIGINT": true, "handleSIGTERM": true, "slowMo": 0.0, "timeout": 30000.0, "tracesDir": "C:\\Desenvolvimento\\Projetos_VisualCode\\Projeto_Robot\\saucedemo-robot\\browser\\traces\\d9284203-c335-430f-9526-b18caa939b46"}</msg>
<msg time="2024-10-26T10:26:48.571464" level="INFO">Successfully created browser with options: {"browser":"chromium","headless":false,"chromiumSandbox":false,"devtools":false,"handleSIGHUP":true,"handleSIGINT":true,"handleSIGTERM":true,"slowMo":0,"timeout":30000,"tracesDir":"C:\\Desenvolvimento\\Projetos_VisualCode\\Projeto_Robot\\saucedemo-robot\\browser\\traces\\d9284203-c335-430f-9526-b18caa939b46"}</msg>
<arg>chromium</arg>
<arg>headless=False</arg>
<tag>BrowserControl</tag>
<tag>Setter</tag>
<doc>Create a new playwright Browser with specified options.</doc>
<status status="PASS" start="2024-10-26T10:26:47.572169" elapsed="1.000366"/>
</kw>
<kw name="New Page" owner="Browser">
<msg time="2024-10-26T10:26:51.156934" level="INFO">Successfully initialized new page object and opened url: https://www.saucedemo.com</msg>
<msg time="2024-10-26T10:26:51.156934" level="INFO">No context was open. New context was automatically opened when this page is created.</msg>
<arg>https://www.saucedemo.com</arg>
<tag>BrowserControl</tag>
<tag>Setter</tag>
<doc>Open a new Page.</doc>
<status status="PASS" start="2024-10-26T10:26:48.575505" elapsed="2.583438"/>
</kw>
<status status="PASS" start="2024-10-26T10:26:47.570166" elapsed="3.591771"/>
</kw>
<kw name="Validar titulo Swag Labs" owner="Login">
<kw name="Wait For Elements State" owner="Browser">
<msg time="2024-10-26T10:26:51.414575" level="INFO">Waited for Element with selector css=div[class=login_logo] at state visible</msg>
<arg>css=div[class=login_logo]</arg>
<arg>visible</arg>
<arg>5</arg>
<tag>PageContent</tag>
<tag>Wait</tag>
<doc>Waits for the element found by ``selector`` to satisfy state option.</doc>
<status status="PASS" start="2024-10-26T10:26:51.167922" elapsed="0.247634"/>
</kw>
<kw name="Get Text" owner="Browser">
<msg time="2024-10-26T10:26:51.597164" level="INFO">Text: 'Swag Labs'</msg>
<arg>css=div[class=login_logo]</arg>
<arg>equal</arg>
<arg>${validar_titulo}</arg>
<tag>Assertion</tag>
<tag>Getter</tag>
<tag>PageContent</tag>
<doc>Returns text attribute of the element found by ``selector``.</doc>
<status status="PASS" start="2024-10-26T10:26:51.416558" elapsed="0.180606"/>
</kw>
<arg>Swag Labs</arg>
<status status="PASS" start="2024-10-26T10:26:51.165945" elapsed="0.433197"/>
</kw>
<kw name="Realizar login" owner="Login">
<kw name="Wait For Elements State" owner="Browser">
<msg time="2024-10-26T10:26:51.650168" level="INFO">Waited for Element with selector css=input[placeholder=Username] at state visible</msg>
<arg>css=input[placeholder=Username]</arg>
<arg>visible</arg>
<arg>5</arg>
<tag>PageContent</tag>
<tag>Wait</tag>
<doc>Waits for the element found by ``selector`` to satisfy state option.</doc>
<status status="PASS" start="2024-10-26T10:26:51.603132" elapsed="0.048021"/>
</kw>
<kw name="Fill Text" owner="Browser">
<msg time="2024-10-26T10:26:51.653128" level="INFO">Fills the text 'standard_user' in the given field.</msg>
<arg>css=input[placeholder=Username]</arg>
<arg>${username}</arg>
<tag>PageContent</tag>
<tag>Setter</tag>
<doc>Clears and fills the given ``txt`` into the text field found by ``selector``.</doc>
<status status="PASS" start="2024-10-26T10:26:51.651153" elapsed="0.117990"/>
</kw>
<kw name="Wait For Elements State" owner="Browser">
<msg time="2024-10-26T10:26:51.807148" level="INFO">Waited for Element with selector css=input[placeholder=Password] at state visible</msg>
<arg>css=input[placeholder=Password]</arg>
<arg>visible</arg>
<arg>5</arg>
<tag>PageContent</tag>
<tag>Wait</tag>
<doc>Waits for the element found by ``selector`` to satisfy state option.</doc>
<status status="PASS" start="2024-10-26T10:26:51.770149" elapsed="0.037998"/>
</kw>
<kw name="Fill Text" owner="Browser">
<msg time="2024-10-26T10:26:51.812146" level="INFO">Fills the text 'secret_sauce' in the given field.</msg>
<arg>css=input[placeholder=Password]</arg>
<arg>${password}</arg>
<tag>PageContent</tag>
<tag>Setter</tag>
<doc>Clears and fills the given ``txt`` into the text field found by ``selector``.</doc>
<status status="PASS" start="2024-10-26T10:26:51.810171" elapsed="0.085973"/>
</kw>
<kw name="Click" owner="Browser">
<msg time="2024-10-26T10:26:51.900154" level="INFO">Clicks the element 'css=input[name=login-button]'.</msg>
<arg>css=input[name=login-button]</arg>
<tag>PageContent</tag>
<tag>Setter</tag>
<doc>Simulates mouse click on the element found by ``selector``.</doc>
<status status="PASS" start="2024-10-26T10:26:51.897146" elapsed="0.488607"/>
</kw>
<arg>${username}</arg>
<arg>${password}</arg>
<status status="PASS" start="2024-10-26T10:26:51.602133" elapsed="0.783620"/>
</kw>
<kw name="Validar login com sucesso" owner="Login">
<kw name="Wait For Elements State" owner="Browser">
<msg time="2024-10-26T10:26:52.447367" level="INFO">Waited for Element with selector css=span[data-test=title] at state visible</msg>
<arg>css=span[data-test=title]</arg>
<arg>visible</arg>
<arg>5</arg>
<tag>PageContent</tag>
<tag>Wait</tag>
<doc>Waits for the element found by ``selector`` to satisfy state option.</doc>
<status status="PASS" start="2024-10-26T10:26:52.398757" elapsed="0.049600"/>
</kw>
<kw name="Get Text" owner="Browser">
<msg time="2024-10-26T10:26:52.565364" level="INFO">Text: 'Products'</msg>
<arg>css=span[data-test=title]</arg>
<arg>equal</arg>
<arg>${texto_logado}</arg>
<tag>Assertion</tag>
<tag>Getter</tag>
<tag>PageContent</tag>
<doc>Returns text attribute of the element found by ``selector``.</doc>
<status status="PASS" start="2024-10-26T10:26:52.449360" elapsed="0.117006"/>
</kw>
<arg>Products</arg>
<status status="PASS" start="2024-10-26T10:26:52.393756" elapsed="0.172610"/>
</kw>
<kw name="Encerrar testes" owner="Base" type="TEARDOWN">
<kw name="Take Screenshot" owner="Browser">
<msg time="2024-10-26T10:26:53.353377" level="INFO" html="true">&lt;/td&gt;&lt;/tr&gt;&lt;tr&gt;&lt;td colspan="3"&gt;&lt;a href="browser/screenshot/robotframework-browser-screenshot-1.png" target="_blank"&gt;&lt;img src="browser/screenshot/robotframework-browser-screenshot-1.png" width="800px"/&gt;&lt;/a&gt;</msg>
<tag>PageContent</tag>
<doc>Takes a screenshot of the current window or element and saves it to disk.</doc>
<status status="PASS" start="2024-10-26T10:26:52.600355" elapsed="0.754011"/>
</kw>
<kw name="Close Browser" owner="Browser">
<msg time="2024-10-26T10:26:54.489593" level="INFO">Closed browser</msg>
<tag>BrowserControl</tag>
<tag>Setter</tag>
<doc>Closes the current browser.</doc>
<status status="PASS" start="2024-10-26T10:26:53.355366" elapsed="1.135223"/>
</kw>
<status status="PASS" start="2024-10-26T10:26:52.594380" elapsed="1.897214"/>
</kw>
<status status="PASS" start="2024-10-26T10:26:47.555179" elapsed="6.937407"/>
</test>
<test id="s1-s1-t2" name="Adicionar produto no carrinho" line="26">
<kw name="Iniciar testes" owner="Base" type="SETUP">
<kw name="New Browser" owner="Browser">
<msg time="2024-10-26T10:26:54.611147" level="INFO">{"browser": "chromium", "headless": false, "chromiumSandbox": false, "devtools": false, "handleSIGHUP": true, "handleSIGINT": true, "handleSIGTERM": true, "slowMo": 0.0, "timeout": 30000.0, "tracesDir": "C:\\Desenvolvimento\\Projetos_VisualCode\\Projeto_Robot\\saucedemo-robot\\browser\\traces\\cc1e62d1-e697-4d23-8cc4-14d51d55639e"}</msg>
<msg time="2024-10-26T10:26:55.215161" level="INFO">Successfully created browser with options: {"browser":"chromium","headless":false,"chromiumSandbox":false,"devtools":false,"handleSIGHUP":true,"handleSIGINT":true,"handleSIGTERM":true,"slowMo":0,"timeout":30000,"tracesDir":"C:\\Desenvolvimento\\Projetos_VisualCode\\Projeto_Robot\\saucedemo-robot\\browser\\traces\\cc1e62d1-e697-4d23-8cc4-14d51d55639e"}</msg>
<arg>chromium</arg>
<arg>headless=False</arg>
<tag>BrowserControl</tag>
<tag>Setter</tag>
<doc>Create a new playwright Browser with specified options.</doc>
<status status="PASS" start="2024-10-26T10:26:54.610167" elapsed="0.606005"/>
</kw>
<kw name="New Page" owner="Browser">
<msg time="2024-10-26T10:26:56.838322" level="INFO">Successfully initialized new page object and opened url: https://www.saucedemo.com</msg>
<msg time="2024-10-26T10:26:56.838322" level="INFO">No context was open. New context was automatically opened when this page is created.</msg>
<arg>https://www.saucedemo.com</arg>
<tag>BrowserControl</tag>
<tag>Setter</tag>
<doc>Open a new Page.</doc>
<status status="PASS" start="2024-10-26T10:26:55.217165" elapsed="1.621157"/>
</kw>
<status status="PASS" start="2024-10-26T10:26:54.609163" elapsed="2.229159"/>
</kw>
<kw name="Validar titulo Swag Labs" owner="Login">
<kw name="Wait For Elements State" owner="Browser">
<msg time="2024-10-26T10:26:56.955328" level="INFO">Waited for Element with selector css=div[class=login_logo] at state visible</msg>
<arg>css=div[class=login_logo]</arg>
<arg>visible</arg>
<arg>5</arg>
<tag>PageContent</tag>
<tag>Wait</tag>
<doc>Waits for the element found by ``selector`` to satisfy state option.</doc>
<status status="PASS" start="2024-10-26T10:26:56.840331" elapsed="0.116002"/>
</kw>
<kw name="Get Text" owner="Browser">
<msg time="2024-10-26T10:26:57.059331" level="INFO">Text: 'Swag Labs'</msg>
<arg>css=div[class=login_logo]</arg>
<arg>equal</arg>
<arg>${validar_titulo}</arg>
<tag>Assertion</tag>
<tag>Getter</tag>
<tag>PageContent</tag>
<doc>Returns text attribute of the element found by ``selector``.</doc>
<status status="PASS" start="2024-10-26T10:26:56.957328" elapsed="0.102003"/>
</kw>
<arg>Swag Labs</arg>
<status status="PASS" start="2024-10-26T10:26:56.839323" elapsed="0.221008"/>
</kw>
<kw name="Realizar login" owner="Login">
<kw name="Wait For Elements State" owner="Browser">
<msg time="2024-10-26T10:26:57.094332" level="INFO">Waited for Element with selector css=input[placeholder=Username] at state visible</msg>
<arg>css=input[placeholder=Username]</arg>
<arg>visible</arg>
<arg>5</arg>
<tag>PageContent</tag>
<tag>Wait</tag>
<doc>Waits for the element found by ``selector`` to satisfy state option.</doc>
<status status="PASS" start="2024-10-26T10:26:57.064323" elapsed="0.031003"/>
</kw>
<kw name="Fill Text" owner="Browser">
<msg time="2024-10-26T10:26:57.098328" level="INFO">Fills the text 'standard_user' in the given field.</msg>
<arg>css=input[placeholder=Username]</arg>
<arg>${username}</arg>
<tag>PageContent</tag>
<tag>Setter</tag>
<doc>Clears and fills the given ``txt`` into the text field found by ``selector``.</doc>
<status status="PASS" start="2024-10-26T10:26:57.096335" elapsed="0.060993"/>
</kw>
<kw name="Wait For Elements State" owner="Browser">
<msg time="2024-10-26T10:26:57.185321" level="INFO">Waited for Element with selector css=input[placeholder=Password] at state visible</msg>
<arg>css=input[placeholder=Password]</arg>
<arg>visible</arg>
<arg>5</arg>
<tag>PageContent</tag>
<tag>Wait</tag>
<doc>Waits for the element found by ``selector`` to satisfy state option.</doc>
<status status="PASS" start="2024-10-26T10:26:57.158330" elapsed="0.027991"/>
</kw>
<kw name="Fill Text" owner="Browser">
<msg time="2024-10-26T10:26:57.187322" level="INFO">Fills the text 'secret_sauce' in the given field.</msg>
<arg>css=input[placeholder=Password]</arg>
<arg>${password}</arg>
<tag>PageContent</tag>
<tag>Setter</tag>
<doc>Clears and fills the given ``txt`` into the text field found by ``selector``.</doc>
<status status="PASS" start="2024-10-26T10:26:57.186321" elapsed="0.055024"/>
</kw>
<kw name="Click" owner="Browser">
<msg time="2024-10-26T10:26:57.244348" level="INFO">Clicks the element 'css=input[name=login-button]'.</msg>
<arg>css=input[name=login-button]</arg>
<tag>PageContent</tag>
<tag>Setter</tag>
<doc>Simulates mouse click on the element found by ``selector``.</doc>
<status status="PASS" start="2024-10-26T10:26:57.242340" elapsed="0.288989"/>
</kw>
<arg>${username}</arg>
<arg>${password}</arg>
<status status="PASS" start="2024-10-26T10:26:57.062326" elapsed="0.469003"/>
</kw>
<kw name="Validar login com sucesso" owner="Login">
<kw name="Wait For Elements State" owner="Browser">
<msg time="2024-10-26T10:26:57.564340" level="INFO">Waited for Element with selector css=span[data-test=title] at state visible</msg>
<arg>css=span[data-test=title]</arg>
<arg>visible</arg>
<arg>5</arg>
<tag>PageContent</tag>
<tag>Wait</tag>
<doc>Waits for the element found by ``selector`` to satisfy state option.</doc>
<status status="PASS" start="2024-10-26T10:26:57.534327" elapsed="0.031009"/>
</kw>
<kw name="Get Text" owner="Browser">
<msg time="2024-10-26T10:26:57.631318" level="INFO">Text: 'Products'</msg>
<arg>css=span[data-test=title]</arg>
<arg>equal</arg>
<arg>${texto_logado}</arg>
<tag>Assertion</tag>
<tag>Getter</tag>
<tag>PageContent</tag>
<doc>Returns text attribute of the element found by ``selector``.</doc>
<status status="PASS" start="2024-10-26T10:26:57.566340" elapsed="0.065978"/>
</kw>
<arg>Products</arg>
<status status="PASS" start="2024-10-26T10:26:57.533329" elapsed="0.098989"/>
</kw>
<kw name="Validar produto desejado" owner="Home">
<kw name="Wait For Elements State" owner="Browser">
<msg time="2024-10-26T10:26:57.652330" level="INFO">Waited for Element with selector xpath=//div[contains(text(), 'Sauce Labs Backpack')] at state visible</msg>
<arg>${id_produto_desejado}</arg>
<arg>visible</arg>
<arg>5</arg>
<tag>PageContent</tag>
<tag>Wait</tag>
<doc>Waits for the element found by ``selector`` to satisfy state option.</doc>
<status status="PASS" start="2024-10-26T10:26:57.634324" elapsed="0.018006"/>
</kw>
<kw name="Get Text" owner="Browser">
<msg time="2024-10-26T10:26:57.698323" level="INFO">Text: 'Sauce Labs Backpack'</msg>
<arg>${id_produto_desejado}</arg>
<arg>equal</arg>
<arg>${titulo_produto}</arg>
<tag>Assertion</tag>
<tag>Getter</tag>
<tag>PageContent</tag>
<doc>Returns text attribute of the element found by ``selector``.</doc>
<status status="PASS" start="2024-10-26T10:26:57.652330" elapsed="0.045993"/>
</kw>
<arg>Sauce Labs Backpack</arg>
<arg>${validando_prod}</arg>
<status status="PASS" start="2024-10-26T10:26:57.633322" elapsed="0.066007"/>
</kw>
<kw name="Selecionar produto da página" owner="Home">
<kw name="Wait For Elements State" owner="Browser">
<msg time="2024-10-26T10:26:57.716326" level="INFO">Waited for Element with selector id=add-to-cart-sauce-labs-backpack at state visible</msg>
<arg>${id_produto_desejado}</arg>
<arg>visible</arg>
<arg>5</arg>
<tag>PageContent</tag>
<tag>Wait</tag>
<doc>Waits for the element found by ``selector`` to satisfy state option.</doc>
<status status="PASS" start="2024-10-26T10:26:57.701326" elapsed="0.015000"/>
</kw>
<kw name="Click" owner="Browser">
<msg time="2024-10-26T10:26:57.717324" level="INFO">Clicks the element 'id=add-to-cart-sauce-labs-backpack'.</msg>
<arg>${id_produto_desejado}</arg>
<tag>PageContent</tag>
<tag>Setter</tag>
<doc>Simulates mouse click on the element found by ``selector``.</doc>
<status status="PASS" start="2024-10-26T10:26:57.716326" elapsed="0.182118"/>
</kw>
<arg>${Backpack}</arg>
<status status="PASS" start="2024-10-26T10:26:57.700324" elapsed="0.198120"/>
</kw>
<kw name="Validar quantidade no carrinho" owner="Home">
<kw name="Wait For Elements State" owner="Browser">
<msg time="2024-10-26T10:26:57.916430" level="INFO">Waited for Element with selector css=span[data-test="shopping-cart-badge"] at state visible</msg>
<arg>css=span[data-test="shopping-cart-badge"]</arg>
<arg>visible</arg>
<arg>5</arg>
<tag>PageContent</tag>
<tag>Wait</tag>
<doc>Waits for the element found by ``selector`` to satisfy state option.</doc>
<status status="PASS" start="2024-10-26T10:26:57.900430" elapsed="0.016000"/>
</kw>
<kw name="Get Text" owner="Browser">
<msg time="2024-10-26T10:26:57.964431" level="INFO">Text: '1'</msg>
<arg>css=span[data-test="shopping-cart-badge"]</arg>
<arg>equal</arg>
<arg>${quantidade_add}</arg>
<tag>Assertion</tag>
<tag>Getter</tag>
<tag>PageContent</tag>
<doc>Returns text attribute of the element found by ``selector``.</doc>
<status status="PASS" start="2024-10-26T10:26:57.917418" elapsed="0.048015"/>
</kw>
<arg>1</arg>
<status status="PASS" start="2024-10-26T10:26:57.899427" elapsed="0.066006"/>
</kw>
<kw name="Encerrar testes" owner="Base" type="TEARDOWN">
<kw name="Take Screenshot" owner="Browser">
<msg time="2024-10-26T10:26:58.147273" level="INFO" html="true">&lt;/td&gt;&lt;/tr&gt;&lt;tr&gt;&lt;td colspan="3"&gt;&lt;a href="browser/screenshot/robotframework-browser-screenshot-2.png" target="_blank"&gt;&lt;img src="browser/screenshot/robotframework-browser-screenshot-2.png" width="800px"/&gt;&lt;/a&gt;</msg>
<tag>PageContent</tag>
<doc>Takes a screenshot of the current window or element and saves it to disk.</doc>
<status status="PASS" start="2024-10-26T10:26:57.967420" elapsed="0.180846"/>
</kw>
<kw name="Close Browser" owner="Browser">
<msg time="2024-10-26T10:26:58.585354" level="INFO">Closed browser</msg>
<tag>BrowserControl</tag>
<tag>Setter</tag>
<doc>Closes the current browser.</doc>
<status status="PASS" start="2024-10-26T10:26:58.148266" elapsed="0.437088"/>
</kw>
<status status="PASS" start="2024-10-26T10:26:57.966418" elapsed="0.619938"/>
</kw>
<status status="PASS" start="2024-10-26T10:26:54.602160" elapsed="3.984196"/>
</test>
<test id="s1-s1-t3" name="Selecionar todos os produtos" line="34">
<kw name="Iniciar testes" owner="Base" type="SETUP">
<kw name="New Browser" owner="Browser">
<msg time="2024-10-26T10:26:58.676356" level="INFO">{"browser": "chromium", "headless": false, "chromiumSandbox": false, "devtools": false, "handleSIGHUP": true, "handleSIGINT": true, "handleSIGTERM": true, "slowMo": 0.0, "timeout": 30000.0, "tracesDir": "C:\\Desenvolvimento\\Projetos_VisualCode\\Projeto_Robot\\saucedemo-robot\\browser\\traces\\ae722d04-e224-42e4-a390-f19a1aa4ee73"}</msg>
<msg time="2024-10-26T10:26:59.215524" level="INFO">Successfully created browser with options: {"browser":"chromium","headless":false,"chromiumSandbox":false,"devtools":false,"handleSIGHUP":true,"handleSIGINT":true,"handleSIGTERM":true,"slowMo":0,"timeout":30000,"tracesDir":"C:\\Desenvolvimento\\Projetos_VisualCode\\Projeto_Robot\\saucedemo-robot\\browser\\traces\\ae722d04-e224-42e4-a390-f19a1aa4ee73"}</msg>
<arg>chromium</arg>
<arg>headless=False</arg>
<tag>BrowserControl</tag>
<tag>Setter</tag>
<doc>Create a new playwright Browser with specified options.</doc>
<status status="PASS" start="2024-10-26T10:26:58.674358" elapsed="0.541166"/>
</kw>
<kw name="New Page" owner="Browser">
<msg time="2024-10-26T10:27:01.249208" level="INFO">Successfully initialized new page object and opened url: https://www.saucedemo.com</msg>
<msg time="2024-10-26T10:27:01.249208" level="INFO">No context was open. New context was automatically opened when this page is created.</msg>
<arg>https://www.saucedemo.com</arg>
<tag>BrowserControl</tag>
<tag>Setter</tag>
<doc>Open a new Page.</doc>
<status status="PASS" start="2024-10-26T10:26:59.216517" elapsed="2.033693"/>
</kw>
<status status="PASS" start="2024-10-26T10:26:58.674358" elapsed="2.575852"/>
</kw>
<kw name="Validar titulo Swag Labs" owner="Login">
<kw name="Wait For Elements State" owner="Browser">
<msg time="2024-10-26T10:27:01.354212" level="INFO">Waited for Element with selector css=div[class=login_logo] at state visible</msg>
<arg>css=div[class=login_logo]</arg>
<arg>visible</arg>
<arg>5</arg>
<tag>PageContent</tag>
<tag>Wait</tag>
<doc>Waits for the element found by ``selector`` to satisfy state option.</doc>
<status status="PASS" start="2024-10-26T10:27:01.252208" elapsed="0.102004"/>
</kw>
<kw name="Get Text" owner="Browser">
<msg time="2024-10-26T10:27:01.437759" level="INFO">Text: 'Swag Labs'</msg>
<arg>css=div[class=login_logo]</arg>
<arg>equal</arg>
<arg>${validar_titulo}</arg>
<tag>Assertion</tag>
<tag>Getter</tag>
<tag>PageContent</tag>
<doc>Returns text attribute of the element found by ``selector``.</doc>
<status status="PASS" start="2024-10-26T10:27:01.355210" elapsed="0.082549"/>
</kw>
<arg>Swag Labs</arg>
<status status="PASS" start="2024-10-26T10:27:01.251203" elapsed="0.187557"/>
</kw>
<kw name="Realizar login" owner="Login">
<kw name="Wait For Elements State" owner="Browser">
<msg time="2024-10-26T10:27:01.456753" level="INFO">Waited for Element with selector css=input[placeholder=Username] at state visible</msg>
<arg>css=input[placeholder=Username]</arg>
<arg>visible</arg>
<arg>5</arg>
<tag>PageContent</tag>
<tag>Wait</tag>
<doc>Waits for the element found by ``selector`` to satisfy state option.</doc>
<status status="PASS" start="2024-10-26T10:27:01.440750" elapsed="0.016003"/>
</kw>
<kw name="Fill Text" owner="Browser">
<msg time="2024-10-26T10:27:01.458752" level="INFO">Fills the text 'standard_user' in the given field.</msg>
<arg>css=input[placeholder=Username]</arg>
<arg>${username}</arg>
<tag>PageContent</tag>
<tag>Setter</tag>
<doc>Clears and fills the given ``txt`` into the text field found by ``selector``.</doc>
<status status="PASS" start="2024-10-26T10:27:01.457753" elapsed="0.057004"/>
</kw>
<kw name="Wait For Elements State" owner="Browser">
<msg time="2024-10-26T10:27:01.533754" level="INFO">Waited for Element with selector css=input[placeholder=Password] at state visible</msg>
<arg>css=input[placeholder=Password]</arg>
<arg>visible</arg>
<arg>5</arg>
<tag>PageContent</tag>
<tag>Wait</tag>
<doc>Waits for the element found by ``selector`` to satisfy state option.</doc>
<status status="PASS" start="2024-10-26T10:27:01.514757" elapsed="0.018997"/>
</kw>
<kw name="Fill Text" owner="Browser">
<msg time="2024-10-26T10:27:01.534751" level="INFO">Fills the text 'secret_sauce' in the given field.</msg>
<arg>css=input[placeholder=Password]</arg>
<arg>${password}</arg>
<tag>PageContent</tag>
<tag>Setter</tag>
<doc>Clears and fills the given ``txt`` into the text field found by ``selector``.</doc>
<status status="PASS" start="2024-10-26T10:27:01.534751" elapsed="0.029007"/>
</kw>
<kw name="Click" owner="Browser">
<msg time="2024-10-26T10:27:01.565785" level="INFO">Clicks the element 'css=input[name=login-button]'.</msg>
<arg>css=input[name=login-button]</arg>
<tag>PageContent</tag>
<tag>Setter</tag>
<doc>Simulates mouse click on the element found by ``selector``.</doc>
<status status="PASS" start="2024-10-26T10:27:01.564756" elapsed="0.350129"/>
</kw>
<arg>${username}</arg>
<arg>${password}</arg>
<status status="PASS" start="2024-10-26T10:27:01.439751" elapsed="0.476120"/>
</kw>
<kw name="Validar login com sucesso" owner="Login">
<kw name="Wait For Elements State" owner="Browser">
<msg time="2024-10-26T10:27:01.957014" level="INFO">Waited for Element with selector css=span[data-test=title] at state visible</msg>
<arg>css=span[data-test=title]</arg>
<arg>visible</arg>
<arg>5</arg>
<tag>PageContent</tag>
<tag>Wait</tag>
<doc>Waits for the element found by ``selector`` to satisfy state option.</doc>
<status status="PASS" start="2024-10-26T10:27:01.924872" elapsed="0.032142"/>
</kw>
<kw name="Get Text" owner="Browser">
<msg time="2024-10-26T10:27:02.019995" level="INFO">Text: 'Products'</msg>
<arg>css=span[data-test=title]</arg>
<arg>equal</arg>
<arg>${texto_logado}</arg>
<tag>Assertion</tag>
<tag>Getter</tag>
<tag>PageContent</tag>
<doc>Returns text attribute of the element found by ``selector``.</doc>
<status status="PASS" start="2024-10-26T10:27:01.959003" elapsed="0.061994"/>
</kw>
<arg>Products</arg>
<status status="PASS" start="2024-10-26T10:27:01.923880" elapsed="0.097117"/>
</kw>
<kw name="Validar produto desejado" owner="Home">
<kw name="Wait For Elements State" owner="Browser">
<msg time="2024-10-26T10:27:02.039996" level="INFO">Waited for Element with selector xpath=//div[contains(text(), 'Sauce Labs Backpack')] at state visible</msg>
<arg>${id_produto_desejado}</arg>
<arg>visible</arg>
<arg>5</arg>
<tag>PageContent</tag>
<tag>Wait</tag>
<doc>Waits for the element found by ``selector`` to satisfy state option.</doc>
<status status="PASS" start="2024-10-26T10:27:02.023997" elapsed="0.015999"/>
</kw>
<kw name="Get Text" owner="Browser">
<msg time="2024-10-26T10:27:02.081001" level="INFO">Text: 'Sauce Labs Backpack'</msg>
<arg>${id_produto_desejado}</arg>
<arg>equal</arg>
<arg>${titulo_produto}</arg>
<tag>Assertion</tag>
<tag>Getter</tag>
<tag>PageContent</tag>
<doc>Returns text attribute of the element found by ``selector``.</doc>
<status status="PASS" start="2024-10-26T10:27:02.039996" elapsed="0.041005"/>
</kw>
<arg>Sauce Labs Backpack</arg>
<arg>${validando_prod}</arg>
<status status="PASS" start="2024-10-26T10:27:02.022996" elapsed="0.058005"/>
</kw>
<kw name="Selecionar produto da página" owner="Home">
<kw name="Wait For Elements State" owner="Browser">
<msg time="2024-10-26T10:27:02.096004" level="INFO">Waited for Element with selector id=add-to-cart-sauce-labs-backpack at state visible</msg>
<arg>${id_produto_desejado}</arg>
<arg>visible</arg>
<arg>5</arg>
<tag>PageContent</tag>
<tag>Wait</tag>
<doc>Waits for the element found by ``selector`` to satisfy state option.</doc>
<status status="PASS" start="2024-10-26T10:27:02.082996" elapsed="0.013998"/>
</kw>
<kw name="Click" owner="Browser">
<msg time="2024-10-26T10:27:02.097994" level="INFO">Clicks the element 'id=add-to-cart-sauce-labs-backpack'.</msg>
<arg>${id_produto_desejado}</arg>
<tag>PageContent</tag>
<tag>Setter</tag>
<doc>Simulates mouse click on the element found by ``selector``.</doc>
<status status="PASS" start="2024-10-26T10:27:02.096994" elapsed="0.128522"/>
</kw>
<arg>${Backpack}</arg>
<status status="PASS" start="2024-10-26T10:27:02.081994" elapsed="0.143522"/>
</kw>
<kw name="Selecionar produto da página" owner="Home">
<kw name="Wait For Elements State" owner="Browser">
<msg time="2024-10-26T10:27:02.238519" level="INFO">Waited for Element with selector id=add-to-cart-sauce-labs-bolt-t-shirt at state visible</msg>
<arg>${id_produto_desejado}</arg>
<arg>visible</arg>
<arg>5</arg>
<tag>PageContent</tag>
<tag>Wait</tag>
<doc>Waits for the element found by ``selector`` to satisfy state option.</doc>
<status status="PASS" start="2024-10-26T10:27:02.226513" elapsed="0.012006"/>
</kw>
<kw name="Click" owner="Browser">
<msg time="2024-10-26T10:27:02.240516" level="INFO">Clicks the element 'id=add-to-cart-sauce-labs-bolt-t-shirt'.</msg>
<arg>${id_produto_desejado}</arg>
<tag>PageContent</tag>
<tag>Setter</tag>
<doc>Simulates mouse click on the element found by ``selector``.</doc>
<status status="PASS" start="2024-10-26T10:27:02.239515" elapsed="0.047000"/>
</kw>
<arg>${T-Shirt}</arg>
<status status="PASS" start="2024-10-26T10:27:02.226513" elapsed="0.060002"/>
</kw>
<kw name="Selecionar produto da página" owner="Home">
<kw name="Wait For Elements State" owner="Browser">
<msg time="2024-10-26T10:27:02.306522" level="INFO">Waited for Element with selector id=add-to-cart-sauce-labs-onesie at state visible</msg>
<arg>${id_produto_desejado}</arg>
<arg>visible</arg>
<arg>5</arg>
<tag>PageContent</tag>
<tag>Wait</tag>
<doc>Waits for the element found by ``selector`` to satisfy state option.</doc>
<status status="PASS" start="2024-10-26T10:27:02.289531" elapsed="0.016991"/>
</kw>
<kw name="Click" owner="Browser">
<msg time="2024-10-26T10:27:02.308510" level="INFO">Clicks the element 'id=add-to-cart-sauce-labs-onesie'.</msg>
<arg>${id_produto_desejado}</arg>
<tag>PageContent</tag>
<tag>Setter</tag>
<doc>Simulates mouse click on the element found by ``selector``.</doc>
<status status="PASS" start="2024-10-26T10:27:02.307516" elapsed="0.059998"/>
</kw>
<arg>${Onesie}</arg>
<status status="PASS" start="2024-10-26T10:27:02.288519" elapsed="0.078995"/>
</kw>
<kw name="Selecionar produto da página" owner="Home">
<kw name="Wait For Elements State" owner="Browser">
<msg time="2024-10-26T10:27:02.385517" level="INFO">Waited for Element with selector id=add-to-cart-sauce-labs-bike-light at state visible</msg>
<arg>${id_produto_desejado}</arg>
<arg>visible</arg>
<arg>5</arg>
<tag>PageContent</tag>
<tag>Wait</tag>
<doc>Waits for the element found by ``selector`` to satisfy state option.</doc>
<status status="PASS" start="2024-10-26T10:27:02.369514" elapsed="0.016003"/>
</kw>
<kw name="Click" owner="Browser">
<msg time="2024-10-26T10:27:02.386514" level="INFO">Clicks the element 'id=add-to-cart-sauce-labs-bike-light'.</msg>
<arg>${id_produto_desejado}</arg>
<tag>PageContent</tag>
<tag>Setter</tag>
<doc>Simulates mouse click on the element found by ``selector``.</doc>
<status status="PASS" start="2024-10-26T10:27:02.385517" elapsed="0.064999"/>
</kw>
<arg>${Bike_Light}</arg>
<status status="PASS" start="2024-10-26T10:27:02.368514" elapsed="0.082002"/>
</kw>
<kw name="Selecionar produto da página" owner="Home">
<kw name="Wait For Elements State" owner="Browser">
<msg time="2024-10-26T10:27:02.464537" level="INFO">Waited for Element with selector id=add-to-cart-sauce-labs-fleece-jacket at state visible</msg>
<arg>${id_produto_desejado}</arg>
<arg>visible</arg>
<arg>5</arg>
<tag>PageContent</tag>
<tag>Wait</tag>
<doc>Waits for the element found by ``selector`` to satisfy state option.</doc>
<status status="PASS" start="2024-10-26T10:27:02.452513" elapsed="0.012024"/>
</kw>
<kw name="Click" owner="Browser">
<msg time="2024-10-26T10:27:02.465514" level="INFO">Clicks the element 'id=add-to-cart-sauce-labs-fleece-jacket'.</msg>
<arg>${id_produto_desejado}</arg>
<tag>PageContent</tag>
<tag>Setter</tag>
<doc>Simulates mouse click on the element found by ``selector``.</doc>
<status status="PASS" start="2024-10-26T10:27:02.464537" elapsed="0.063998"/>
</kw>
<arg>${Jacket}</arg>
<status status="PASS" start="2024-10-26T10:27:02.452513" elapsed="0.077010"/>
</kw>
<kw name="Selecionar produto da página" owner="Home">
<kw name="Wait For Elements State" owner="Browser">
<msg time="2024-10-26T10:27:02.547540" level="INFO">Waited for Element with selector id=add-to-cart-test.allthethings()-t-shirt-(red) at state visible</msg>
<arg>${id_produto_desejado}</arg>
<arg>visible</arg>
<arg>5</arg>
<tag>PageContent</tag>
<tag>Wait</tag>
<doc>Waits for the element found by ``selector`` to satisfy state option.</doc>
<status status="PASS" start="2024-10-26T10:27:02.531549" elapsed="0.015991"/>
</kw>
<kw name="Click" owner="Browser">
<msg time="2024-10-26T10:27:02.549535" level="INFO">Clicks the element 'id=add-to-cart-test.allthethings()-t-shirt-(red)'.</msg>
<arg>${id_produto_desejado}</arg>
<tag>PageContent</tag>
<tag>Setter</tag>
<doc>Simulates mouse click on the element found by ``selector``.</doc>
<status status="PASS" start="2024-10-26T10:27:02.548536" elapsed="0.068983"/>
</kw>
<arg>${T-Shirt-Red}</arg>
<status status="PASS" start="2024-10-26T10:27:02.530521" elapsed="0.086998"/>
</kw>
<kw name="Validar quantidade no carrinho" owner="Home">
<kw name="Wait For Elements State" owner="Browser">
<msg time="2024-10-26T10:27:02.629522" level="INFO">Waited for Element with selector css=span[data-test="shopping-cart-badge"] at state visible</msg>
<arg>css=span[data-test="shopping-cart-badge"]</arg>
<arg>visible</arg>
<arg>5</arg>
<tag>PageContent</tag>
<tag>Wait</tag>
<doc>Waits for the element found by ``selector`` to satisfy state option.</doc>
<status status="PASS" start="2024-10-26T10:27:02.619534" elapsed="0.010985"/>
</kw>
<kw name="Get Text" owner="Browser">
<msg time="2024-10-26T10:27:02.670519" level="INFO">Text: '6'</msg>
<arg>css=span[data-test="shopping-cart-badge"]</arg>
<arg>equal</arg>
<arg>${quantidade_add}</arg>
<tag>Assertion</tag>
<tag>Getter</tag>
<tag>PageContent</tag>
<doc>Returns text attribute of the element found by ``selector``.</doc>
<status status="PASS" start="2024-10-26T10:27:02.630519" elapsed="0.040000"/>
</kw>
<arg>6</arg>
<status status="PASS" start="2024-10-26T10:27:02.619534" elapsed="0.052003"/>
</kw>
<kw name="Encerrar testes" owner="Base" type="TEARDOWN">
<kw name="Take Screenshot" owner="Browser">
<msg time="2024-10-26T10:27:02.844457" level="INFO" html="true">&lt;/td&gt;&lt;/tr&gt;&lt;tr&gt;&lt;td colspan="3"&gt;&lt;a href="browser/screenshot/robotframework-browser-screenshot-3.png" target="_blank"&gt;&lt;img src="browser/screenshot/robotframework-browser-screenshot-3.png" width="800px"/&gt;&lt;/a&gt;</msg>
<tag>PageContent</tag>
<doc>Takes a screenshot of the current window or element and saves it to disk.</doc>
<status status="PASS" start="2024-10-26T10:27:02.673531" elapsed="0.171922"/>
</kw>
<kw name="Close Browser" owner="Browser">
<msg time="2024-10-26T10:27:03.289522" level="INFO">Closed browser</msg>
<tag>BrowserControl</tag>
<tag>Setter</tag>
<doc>Closes the current browser.</doc>
<status status="PASS" start="2024-10-26T10:27:02.845453" elapsed="0.444069"/>
</kw>
<status status="PASS" start="2024-10-26T10:27:02.673531" elapsed="0.617015"/>
</kw>
<status status="PASS" start="2024-10-26T10:26:58.668352" elapsed="4.622194"/>
</test>
<test id="s1-s1-t4" name="Ordenar produtos de Z to A" line="47">
<kw name="Iniciar testes" owner="Base" type="SETUP">
<kw name="New Browser" owner="Browser">
<msg time="2024-10-26T10:27:03.405521" level="INFO">{"browser": "chromium", "headless": false, "chromiumSandbox": false, "devtools": false, "handleSIGHUP": true, "handleSIGINT": true, "handleSIGTERM": true, "slowMo": 0.0, "timeout": 30000.0, "tracesDir": "C:\\Desenvolvimento\\Projetos_VisualCode\\Projeto_Robot\\saucedemo-robot\\browser\\traces\\3adcbf20-7a5f-4cc4-b180-28c7a7930452"}</msg>
<msg time="2024-10-26T10:27:03.977536" level="INFO">Successfully created browser with options: {"browser":"chromium","headless":false,"chromiumSandbox":false,"devtools":false,"handleSIGHUP":true,"handleSIGINT":true,"handleSIGTERM":true,"slowMo":0,"timeout":30000,"tracesDir":"C:\\Desenvolvimento\\Projetos_VisualCode\\Projeto_Robot\\saucedemo-robot\\browser\\traces\\3adcbf20-7a5f-4cc4-b180-28c7a7930452"}</msg>
<arg>chromium</arg>
<arg>headless=False</arg>
<tag>BrowserControl</tag>
<tag>Setter</tag>
<doc>Create a new playwright Browser with specified options.</doc>
<status status="PASS" start="2024-10-26T10:27:03.404523" elapsed="0.573013"/>
</kw>
<kw name="New Page" owner="Browser">
<msg time="2024-10-26T10:27:05.724296" level="INFO">Successfully initialized new page object and opened url: https://www.saucedemo.com</msg>
<msg time="2024-10-26T10:27:05.724296" level="INFO">No context was open. New context was automatically opened when this page is created.</msg>
<arg>https://www.saucedemo.com</arg>
<tag>BrowserControl</tag>
<tag>Setter</tag>
<doc>Open a new Page.</doc>
<status status="PASS" start="2024-10-26T10:27:03.978537" elapsed="1.746760"/>
</kw>
<status status="PASS" start="2024-10-26T10:27:03.403526" elapsed="2.322770"/>
</kw>
<kw name="Validar titulo Swag Labs" owner="Login">
<kw name="Wait For Elements State" owner="Browser">
<msg time="2024-10-26T10:27:05.838300" level="INFO">Waited for Element with selector css=div[class=login_logo] at state visible</msg>
<arg>css=div[class=login_logo]</arg>
<arg>visible</arg>
<arg>5</arg>
<tag>PageContent</tag>
<tag>Wait</tag>
<doc>Waits for the element found by ``selector`` to satisfy state option.</doc>
<status status="PASS" start="2024-10-26T10:27:05.733307" elapsed="0.105992"/>
</kw>
<kw name="Get Text" owner="Browser">
<msg time="2024-10-26T10:27:05.921303" level="INFO">Text: 'Swag Labs'</msg>
<arg>css=div[class=login_logo]</arg>
<arg>equal</arg>
<arg>${validar_titulo}</arg>
<tag>Assertion</tag>
<tag>Getter</tag>
<tag>PageContent</tag>
<doc>Returns text attribute of the element found by ``selector``.</doc>
<status status="PASS" start="2024-10-26T10:27:05.839299" elapsed="0.083001"/>
</kw>
<arg>Swag Labs</arg>
<status status="PASS" start="2024-10-26T10:27:05.730308" elapsed="0.191992"/>
</kw>
<kw name="Realizar login" owner="Login">
<kw name="Wait For Elements State" owner="Browser">
<msg time="2024-10-26T10:27:05.948302" level="INFO">Waited for Element with selector css=input[placeholder=Username] at state visible</msg>
<arg>css=input[placeholder=Username]</arg>
<arg>visible</arg>
<arg>5</arg>
<tag>PageContent</tag>
<tag>Wait</tag>
<doc>Waits for the element found by ``selector`` to satisfy state option.</doc>
<status status="PASS" start="2024-10-26T10:27:05.925304" elapsed="0.024006"/>
</kw>
<kw name="Fill Text" owner="Browser">
<msg time="2024-10-26T10:27:05.951311" level="INFO">Fills the text 'standard_user' in the given field.</msg>
<arg>css=input[placeholder=Username]</arg>
<arg>${username}</arg>
<tag>PageContent</tag>
<tag>Setter</tag>
<doc>Clears and fills the given ``txt`` into the text field found by ``selector``.</doc>
<status status="PASS" start="2024-10-26T10:27:05.949310" elapsed="0.066993"/>
</kw>
<kw name="Wait For Elements State" owner="Browser">
<msg time="2024-10-26T10:27:06.040300" level="INFO">Waited for Element with selector css=input[placeholder=Password] at state visible</msg>
<arg>css=input[placeholder=Password]</arg>
<arg>visible</arg>
<arg>5</arg>
<tag>PageContent</tag>
<tag>Wait</tag>
<doc>Waits for the element found by ``selector`` to satisfy state option.</doc>
<status status="PASS" start="2024-10-26T10:27:06.017310" elapsed="0.022990"/>
</kw>
<kw name="Fill Text" owner="Browser">
<msg time="2024-10-26T10:27:06.042293" level="INFO">Fills the text 'secret_sauce' in the given field.</msg>
<arg>css=input[placeholder=Password]</arg>
<arg>${password}</arg>
<tag>PageContent</tag>
<tag>Setter</tag>
<doc>Clears and fills the given ``txt`` into the text field found by ``selector``.</doc>
<status status="PASS" start="2024-10-26T10:27:06.041293" elapsed="0.043001"/>
</kw>
<kw name="Click" owner="Browser">
<msg time="2024-10-26T10:27:06.086306" level="INFO">Clicks the element 'css=input[name=login-button]'.</msg>
<arg>css=input[name=login-button]</arg>
<tag>PageContent</tag>
<tag>Setter</tag>
<doc>Simulates mouse click on the element found by ``selector``.</doc>
<status status="PASS" start="2024-10-26T10:27:06.085309" elapsed="0.273012"/>
</kw>
<arg>${username}</arg>
<arg>${password}</arg>
<status status="PASS" start="2024-10-26T10:27:05.924304" elapsed="0.435017"/>
</kw>
<kw name="Validar login com sucesso" owner="Login">
<kw name="Wait For Elements State" owner="Browser">
<msg time="2024-10-26T10:27:06.469325" level="INFO">Waited for Element with selector css=span[data-test=title] at state visible</msg>
<arg>css=span[data-test=title]</arg>
<arg>visible</arg>
<arg>5</arg>
<tag>PageContent</tag>
<tag>Wait</tag>
<doc>Waits for the element found by ``selector`` to satisfy state option.</doc>
<status status="PASS" start="2024-10-26T10:27:06.365320" elapsed="0.105005"/>
</kw>
<kw name="Get Text" owner="Browser">
<msg time="2024-10-26T10:27:06.686316" level="INFO">Text: 'Products'</msg>
<arg>css=span[data-test=title]</arg>
<arg>equal</arg>
<arg>${texto_logado}</arg>
<tag>Assertion</tag>
<tag>Getter</tag>
<tag>PageContent</tag>
<doc>Returns text attribute of the element found by ``selector``.</doc>
<status status="PASS" start="2024-10-26T10:27:06.471326" elapsed="0.214990"/>
</kw>
<arg>Products</arg>
<status status="PASS" start="2024-10-26T10:27:06.363323" elapsed="0.323989"/>
</kw>
<kw name="Take Screenshot" owner="Browser">
<msg time="2024-10-26T10:27:07.171531" level="INFO" html="true">&lt;/td&gt;&lt;/tr&gt;&lt;tr&gt;&lt;td colspan="3"&gt;&lt;a href="browser/screenshot/robotframework-browser-screenshot-4.png" target="_blank"&gt;&lt;img src="browser/screenshot/robotframework-browser-screenshot-4.png" width="800px"/&gt;&lt;/a&gt;</msg>
<tag>PageContent</tag>
<doc>Takes a screenshot of the current window or element and saves it to disk.</doc>
<status status="PASS" start="2024-10-26T10:27:06.734306" elapsed="0.438223"/>
</kw>
<kw name="Selecionar tipo de ordenação" owner="Home">
<kw name="Wait For Elements State" owner="Browser">
<msg time="2024-10-26T10:27:07.194523" level="INFO">Waited for Element with selector css=[class="product_sort_container"] at state visible</msg>
<arg>css=[class="product_sort_container"]</arg>
<arg>visible</arg>
<arg>5</arg>
<tag>PageContent</tag>
<tag>Wait</tag>
<doc>Waits for the element found by ``selector`` to satisfy state option.</doc>
<status status="PASS" start="2024-10-26T10:27:07.174521" elapsed="0.021004"/>
</kw>
<kw name="Select Options By" owner="Browser">
<msg time="2024-10-26T10:27:07.198527" level="INFO">Selects the option(s) Name (Z to A) by attribute SelectAttribute.label from element css=[class="product_sort_container"].</msg>
<arg>css=[class="product_sort_container"]</arg>
<arg>text</arg>
<arg>${tipo_ordenacao}</arg>
<tag>PageContent</tag>
<tag>Setter</tag>
<doc>Selects options from select element found by ``selector``.</doc>
<status status="PASS" start="2024-10-26T10:27:07.195525" elapsed="0.129009"/>
</kw>
<arg>Name (Z to A)</arg>
<status status="PASS" start="2024-10-26T10:27:07.173534" elapsed="0.151994"/>
</kw>
<kw name="Take Screenshot" owner="Browser">
<msg time="2024-10-26T10:27:07.594533" level="INFO" html="true">&lt;/td&gt;&lt;/tr&gt;&lt;tr&gt;&lt;td colspan="3"&gt;&lt;a href="browser/screenshot/robotframework-browser-screenshot-5.png" target="_blank"&gt;&lt;img src="browser/screenshot/robotframework-browser-screenshot-5.png" width="800px"/&gt;&lt;/a&gt;</msg>
<tag>PageContent</tag>
<doc>Takes a screenshot of the current window or element and saves it to disk.</doc>
<status status="PASS" start="2024-10-26T10:27:07.339531" elapsed="0.255002"/>
</kw>
<kw name="Encerrar testes" owner="Base" type="TEARDOWN">
<kw name="Take Screenshot" owner="Browser">
<msg time="2024-10-26T10:27:07.810618" level="INFO" html="true">&lt;/td&gt;&lt;/tr&gt;&lt;tr&gt;&lt;td colspan="3"&gt;&lt;a href="browser/screenshot/robotframework-browser-screenshot-6.png" target="_blank"&gt;&lt;img src="browser/screenshot/robotframework-browser-screenshot-6.png" width="800px"/&gt;&lt;/a&gt;</msg>
<tag>PageContent</tag>
<doc>Takes a screenshot of the current window or element and saves it to disk.</doc>
<status status="PASS" start="2024-10-26T10:27:07.596558" elapsed="0.215054"/>
</kw>
<kw name="Close Browser" owner="Browser">
<msg time="2024-10-26T10:27:08.152622" level="INFO">Closed browser</msg>
<tag>BrowserControl</tag>
<tag>Setter</tag>
<doc>Closes the current browser.</doc>
<status status="PASS" start="2024-10-26T10:27:07.811612" elapsed="0.341010"/>
</kw>
<status status="PASS" start="2024-10-26T10:27:07.595526" elapsed="0.557096"/>
</kw>
<status status="PASS" start="2024-10-26T10:27:03.398583" elapsed="4.755021"/>
</test>
<test id="s1-s1-t5" name="Ordenar preços do mais baixo ao mais alto" line="55">
<kw name="Iniciar testes" owner="Base" type="SETUP">
<kw name="New Browser" owner="Browser">
<msg time="2024-10-26T10:27:08.242600" level="INFO">{"browser": "chromium", "headless": false, "chromiumSandbox": false, "devtools": false, "handleSIGHUP": true, "handleSIGINT": true, "handleSIGTERM": true, "slowMo": 0.0, "timeout": 30000.0, "tracesDir": "C:\\Desenvolvimento\\Projetos_VisualCode\\Projeto_Robot\\saucedemo-robot\\browser\\traces\\8b7d4f45-6f60-4386-a984-a543cd40a8e4"}</msg>
<msg time="2024-10-26T10:27:08.878607" level="INFO">Successfully created browser with options: {"browser":"chromium","headless":false,"chromiumSandbox":false,"devtools":false,"handleSIGHUP":true,"handleSIGINT":true,"handleSIGTERM":true,"slowMo":0,"timeout":30000,"tracesDir":"C:\\Desenvolvimento\\Projetos_VisualCode\\Projeto_Robot\\saucedemo-robot\\browser\\traces\\8b7d4f45-6f60-4386-a984-a543cd40a8e4"}</msg>
<arg>chromium</arg>
<arg>headless=False</arg>
<tag>BrowserControl</tag>
<tag>Setter</tag>
<doc>Create a new playwright Browser with specified options.</doc>
<status status="PASS" start="2024-10-26T10:27:08.240600" elapsed="0.639005"/>
</kw>
<kw name="New Page" owner="Browser">
<msg time="2024-10-26T10:27:10.604594" level="INFO">Successfully initialized new page object and opened url: https://www.saucedemo.com</msg>
<msg time="2024-10-26T10:27:10.604594" level="INFO">No context was open. New context was automatically opened when this page is created.</msg>
<arg>https://www.saucedemo.com</arg>
<tag>BrowserControl</tag>
<tag>Setter</tag>
<doc>Open a new Page.</doc>
<status status="PASS" start="2024-10-26T10:27:08.880603" elapsed="1.724998"/>
</kw>
<status status="PASS" start="2024-10-26T10:27:08.240600" elapsed="2.365001"/>
</kw>
<kw name="Validar titulo Swag Labs" owner="Login">
<kw name="Wait For Elements State" owner="Browser">
<msg time="2024-10-26T10:27:10.728599" level="INFO">Waited for Element with selector css=div[class=login_logo] at state visible</msg>
<arg>css=div[class=login_logo]</arg>
<arg>visible</arg>
<arg>5</arg>
<tag>PageContent</tag>
<tag>Wait</tag>
<doc>Waits for the element found by ``selector`` to satisfy state option.</doc>
<status status="PASS" start="2024-10-26T10:27:10.608590" elapsed="0.121000"/>
</kw>
<kw name="Get Text" owner="Browser">
<msg time="2024-10-26T10:27:10.812582" level="INFO">Text: 'Swag Labs'</msg>
<arg>css=div[class=login_logo]</arg>
<arg>equal</arg>
<arg>${validar_titulo}</arg>
<tag>Assertion</tag>
<tag>Getter</tag>
<tag>PageContent</tag>
<doc>Returns text attribute of the element found by ``selector``.</doc>
<status status="PASS" start="2024-10-26T10:27:10.729590" elapsed="0.082992"/>
</kw>
<arg>Swag Labs</arg>
<status status="PASS" start="2024-10-26T10:27:10.607599" elapsed="0.204983"/>
</kw>
<kw name="Realizar login" owner="Login">
<kw name="Wait For Elements State" owner="Browser">
<msg time="2024-10-26T10:27:10.839594" level="INFO">Waited for Element with selector css=input[placeholder=Username] at state visible</msg>
<arg>css=input[placeholder=Username]</arg>
<arg>visible</arg>
<arg>5</arg>
<tag>PageContent</tag>
<tag>Wait</tag>
<doc>Waits for the element found by ``selector`` to satisfy state option.</doc>
<status status="PASS" start="2024-10-26T10:27:10.814590" elapsed="0.025004"/>
</kw>
<kw name="Fill Text" owner="Browser">
<msg time="2024-10-26T10:27:10.842597" level="INFO">Fills the text 'standard_user' in the given field.</msg>
<arg>css=input[placeholder=Username]</arg>
<arg>${username}</arg>
<tag>PageContent</tag>
<tag>Setter</tag>
<doc>Clears and fills the given ``txt`` into the text field found by ``selector``.</doc>
<status status="PASS" start="2024-10-26T10:27:10.840612" elapsed="0.056985"/>
</kw>
<kw name="Wait For Elements State" owner="Browser">
<msg time="2024-10-26T10:27:10.914590" level="INFO">Waited for Element with selector css=input[placeholder=Password] at state visible</msg>
<arg>css=input[placeholder=Password]</arg>
<arg>visible</arg>
<arg>5</arg>
<tag>PageContent</tag>
<tag>Wait</tag>
<doc>Waits for the element found by ``selector`` to satisfy state option.</doc>
<status status="PASS" start="2024-10-26T10:27:10.899600" elapsed="0.014990"/>
</kw>
<kw name="Fill Text" owner="Browser">
<msg time="2024-10-26T10:27:10.916603" level="INFO">Fills the text 'secret_sauce' in the given field.</msg>
<arg>css=input[placeholder=Password]</arg>
<arg>${password}</arg>
<tag>PageContent</tag>
<tag>Setter</tag>
<doc>Clears and fills the given ``txt`` into the text field found by ``selector``.</doc>
<status status="PASS" start="2024-10-26T10:27:10.915599" elapsed="0.041000"/>
</kw>
<kw name="Click" owner="Browser">
<msg time="2024-10-26T10:27:10.958601" level="INFO">Clicks the element 'css=input[name=login-button]'.</msg>
<arg>css=input[name=login-button]</arg>
<tag>PageContent</tag>
<tag>Setter</tag>
<doc>Simulates mouse click on the element found by ``selector``.</doc>
<status status="PASS" start="2024-10-26T10:27:10.956599" elapsed="0.238001"/>
</kw>
<arg>${username}</arg>
<arg>${password}</arg>
<status status="PASS" start="2024-10-26T10:27:10.813580" elapsed="0.382012"/>
</kw>
<kw name="Validar login com sucesso" owner="Login">
<kw name="Wait For Elements State" owner="Browser">
<msg time="2024-10-26T10:27:11.221599" level="INFO">Waited for Element with selector css=span[data-test=title] at state visible</msg>
<arg>css=span[data-test=title]</arg>
<arg>visible</arg>
<arg>5</arg>
<tag>PageContent</tag>
<tag>Wait</tag>
<doc>Waits for the element found by ``selector`` to satisfy state option.</doc>
<status status="PASS" start="2024-10-26T10:27:11.198595" elapsed="0.024005"/>
</kw>
<kw name="Get Text" owner="Browser">
<msg time="2024-10-26T10:27:11.293590" level="INFO">Text: 'Products'</msg>
<arg>css=span[data-test=title]</arg>
<arg>equal</arg>
<arg>${texto_logado}</arg>
<tag>Assertion</tag>
<tag>Getter</tag>
<tag>PageContent</tag>
<doc>Returns text attribute of the element found by ``selector``.</doc>
<status status="PASS" start="2024-10-26T10:27:11.223595" elapsed="0.069995"/>
</kw>
<arg>Products</arg>
<status status="PASS" start="2024-10-26T10:27:11.196594" elapsed="0.098004"/>
</kw>
<kw name="Take Screenshot" owner="Browser">
<msg time="2024-10-26T10:27:11.644614" level="INFO" html="true">&lt;/td&gt;&lt;/tr&gt;&lt;tr&gt;&lt;td colspan="3"&gt;&lt;a href="browser/screenshot/robotframework-browser-screenshot-7.png" target="_blank"&gt;&lt;img src="browser/screenshot/robotframework-browser-screenshot-7.png" width="800px"/&gt;&lt;/a&gt;</msg>
<tag>PageContent</tag>
<doc>Takes a screenshot of the current window or element and saves it to disk.</doc>
<status status="PASS" start="2024-10-26T10:27:11.296596" elapsed="0.348018"/>
</kw>
<kw name="Selecionar tipo de ordenação" owner="Home">
<kw name="Wait For Elements State" owner="Browser">
<msg time="2024-10-26T10:27:11.656611" level="INFO">Waited for Element with selector css=[class="product_sort_container"] at state visible</msg>
<arg>css=[class="product_sort_container"]</arg>
<arg>visible</arg>
<arg>5</arg>
<tag>PageContent</tag>
<tag>Wait</tag>
<doc>Waits for the element found by ``selector`` to satisfy state option.</doc>
<status status="PASS" start="2024-10-26T10:27:11.646613" elapsed="0.009998"/>
</kw>
<kw name="Select Options By" owner="Browser">
<msg time="2024-10-26T10:27:11.657613" level="INFO">Selects the option(s) Price (low to high) by attribute SelectAttribute.label from element css=[class="product_sort_container"].</msg>
<arg>css=[class="product_sort_container"]</arg>
<arg>text</arg>
<arg>${tipo_ordenacao}</arg>
<tag>PageContent</tag>
<tag>Setter</tag>
<doc>Selects options from select element found by ``selector``.</doc>
<status status="PASS" start="2024-10-26T10:27:11.656611" elapsed="0.044972"/>
</kw>
<arg>Price (low to high)</arg>
<status status="PASS" start="2024-10-26T10:27:11.645582" elapsed="0.057027"/>
</kw>
<kw name="Take Screenshot" owner="Browser">
<msg time="2024-10-26T10:27:11.863615" level="INFO" html="true">&lt;/td&gt;&lt;/tr&gt;&lt;tr&gt;&lt;td colspan="3"&gt;&lt;a href="browser/screenshot/robotframework-browser-screenshot-8.png" target="_blank"&gt;&lt;img src="browser/screenshot/robotframework-browser-screenshot-8.png" width="800px"/&gt;&lt;/a&gt;</msg>
<tag>PageContent</tag>
<doc>Takes a screenshot of the current window or element and saves it to disk.</doc>
<status status="PASS" start="2024-10-26T10:27:11.703614" elapsed="0.160001"/>
</kw>
<kw name="Encerrar testes" owner="Base" type="TEARDOWN">
<kw name="Take Screenshot" owner="Browser">
<msg time="2024-10-26T10:27:12.030107" level="INFO" html="true">&lt;/td&gt;&lt;/tr&gt;&lt;tr&gt;&lt;td colspan="3"&gt;&lt;a href="browser/screenshot/robotframework-browser-screenshot-9.png" target="_blank"&gt;&lt;img src="browser/screenshot/robotframework-browser-screenshot-9.png" width="800px"/&gt;&lt;/a&gt;</msg>
<tag>PageContent</tag>
<doc>Takes a screenshot of the current window or element and saves it to disk.</doc>
<status status="PASS" start="2024-10-26T10:27:11.865588" elapsed="0.165532"/>
</kw>
<kw name="Close Browser" owner="Browser">
<msg time="2024-10-26T10:27:12.484123" level="INFO">Closed browser</msg>
<tag>BrowserControl</tag>
<tag>Setter</tag>
<doc>Closes the current browser.</doc>
<status status="PASS" start="2024-10-26T10:27:12.031120" elapsed="0.453997"/>
</kw>
<status status="PASS" start="2024-10-26T10:27:11.864587" elapsed="0.620530"/>
</kw>
<status status="PASS" start="2024-10-26T10:27:08.233614" elapsed="4.253492"/>
</test>
<test id="s1-s1-t6" name="Ordenar preços de mais alto pro mais baixo" line="63">
<kw name="Iniciar testes" owner="Base" type="SETUP">
<kw name="New Browser" owner="Browser">
<msg time="2024-10-26T10:27:12.627119" level="INFO">{"browser": "chromium", "headless": false, "chromiumSandbox": false, "devtools": false, "handleSIGHUP": true, "handleSIGINT": true, "handleSIGTERM": true, "slowMo": 0.0, "timeout": 30000.0, "tracesDir": "C:\\Desenvolvimento\\Projetos_VisualCode\\Projeto_Robot\\saucedemo-robot\\browser\\traces\\ef6b3bfd-0c1e-4e8e-a457-ba5cf1babccc"}</msg>
<msg time="2024-10-26T10:27:13.526113" level="INFO">Successfully created browser with options: {"browser":"chromium","headless":false,"chromiumSandbox":false,"devtools":false,"handleSIGHUP":true,"handleSIGINT":true,"handleSIGTERM":true,"slowMo":0,"timeout":30000,"tracesDir":"C:\\Desenvolvimento\\Projetos_VisualCode\\Projeto_Robot\\saucedemo-robot\\browser\\traces\\ef6b3bfd-0c1e-4e8e-a457-ba5cf1babccc"}</msg>
<arg>chromium</arg>
<arg>headless=False</arg>
<tag>BrowserControl</tag>
<tag>Setter</tag>
<doc>Create a new playwright Browser with specified options.</doc>
<status status="PASS" start="2024-10-26T10:27:12.626104" elapsed="0.902011"/>
</kw>
<kw name="New Page" owner="Browser">
<msg time="2024-10-26T10:27:15.139713" level="INFO">Successfully initialized new page object and opened url: https://www.saucedemo.com</msg>
<msg time="2024-10-26T10:27:15.140703" level="INFO">No context was open. New context was automatically opened when this page is created.</msg>
<arg>https://www.saucedemo.com</arg>
<tag>BrowserControl</tag>
<tag>Setter</tag>
<doc>Open a new Page.</doc>
<status status="PASS" start="2024-10-26T10:27:13.534121" elapsed="1.607589"/>
</kw>
<status status="PASS" start="2024-10-26T10:27:12.625110" elapsed="2.517597"/>
</kw>
<kw name="Validar titulo Swag Labs" owner="Login">
<kw name="Wait For Elements State" owner="Browser">
<msg time="2024-10-26T10:27:15.359696" level="INFO">Waited for Element with selector css=div[class=login_logo] at state visible</msg>
<arg>css=div[class=login_logo]</arg>
<arg>visible</arg>
<arg>5</arg>
<tag>PageContent</tag>
<tag>Wait</tag>
<doc>Waits for the element found by ``selector`` to satisfy state option.</doc>
<status status="PASS" start="2024-10-26T10:27:15.161706" elapsed="0.198987"/>
</kw>
<kw name="Get Text" owner="Browser">
<msg time="2024-10-26T10:27:15.462711" level="INFO">Text: 'Swag Labs'</msg>
<arg>css=div[class=login_logo]</arg>
<arg>equal</arg>
<arg>${validar_titulo}</arg>
<tag>Assertion</tag>
<tag>Getter</tag>
<tag>PageContent</tag>
<doc>Returns text attribute of the element found by ``selector``.</doc>
<status status="PASS" start="2024-10-26T10:27:15.361706" elapsed="0.101005"/>
</kw>
<arg>Swag Labs</arg>
<status status="PASS" start="2024-10-26T10:27:15.159707" elapsed="0.304004"/>
</kw>
<kw name="Realizar login" owner="Login">
<kw name="Wait For Elements State" owner="Browser">
<msg time="2024-10-26T10:27:15.489695" level="INFO">Waited for Element with selector css=input[placeholder=Username] at state visible</msg>
<arg>css=input[placeholder=Username]</arg>
<arg>visible</arg>
<arg>5</arg>
<tag>PageContent</tag>
<tag>Wait</tag>
<doc>Waits for the element found by ``selector`` to satisfy state option.</doc>
<status status="PASS" start="2024-10-26T10:27:15.468710" elapsed="0.021984"/>
</kw>
<kw name="Fill Text" owner="Browser">
<msg time="2024-10-26T10:27:15.491701" level="INFO">Fills the text 'standard_user' in the given field.</msg>
<arg>css=input[placeholder=Username]</arg>
<arg>${username}</arg>
<tag>PageContent</tag>
<tag>Setter</tag>
<doc>Clears and fills the given ``txt`` into the text field found by ``selector``.</doc>
<status status="PASS" start="2024-10-26T10:27:15.490694" elapsed="0.053012"/>
</kw>
<kw name="Wait For Elements State" owner="Browser">
<msg time="2024-10-26T10:27:15.564709" level="INFO">Waited for Element with selector css=input[placeholder=Password] at state visible</msg>
<arg>css=input[placeholder=Password]</arg>
<arg>visible</arg>
<arg>5</arg>
<tag>PageContent</tag>
<tag>Wait</tag>
<doc>Waits for the element found by ``selector`` to satisfy state option.</doc>
<status status="PASS" start="2024-10-26T10:27:15.544711" elapsed="0.021005"/>
</kw>
<kw name="Fill Text" owner="Browser">
<msg time="2024-10-26T10:27:15.568698" level="INFO">Fills the text 'secret_sauce' in the given field.</msg>
<arg>css=input[placeholder=Password]</arg>
<arg>${password}</arg>
<tag>PageContent</tag>
<tag>Setter</tag>
<doc>Clears and fills the given ``txt`` into the text field found by ``selector``.</doc>
<status status="PASS" start="2024-10-26T10:27:15.566711" elapsed="0.043996"/>
</kw>
<kw name="Click" owner="Browser">
<msg time="2024-10-26T10:27:15.612705" level="INFO">Clicks the element 'css=input[name=login-button]'.</msg>
<arg>css=input[name=login-button]</arg>
<tag>PageContent</tag>
<tag>Setter</tag>
<doc>Simulates mouse click on the element found by ``selector``.</doc>
<status status="PASS" start="2024-10-26T10:27:15.610707" elapsed="0.299993"/>
</kw>
<arg>${username}</arg>
<arg>${password}</arg>
<status status="PASS" start="2024-10-26T10:27:15.467715" elapsed="0.442985"/>
</kw>
<kw name="Validar login com sucesso" owner="Login">
<kw name="Wait For Elements State" owner="Browser">
<msg time="2024-10-26T10:27:15.940711" level="INFO">Waited for Element with selector css=span[data-test=title] at state visible</msg>
<arg>css=span[data-test=title]</arg>
<arg>visible</arg>
<arg>5</arg>
<tag>PageContent</tag>
<tag>Wait</tag>
<doc>Waits for the element found by ``selector`` to satisfy state option.</doc>
<status status="PASS" start="2024-10-26T10:27:15.918723" elapsed="0.021988"/>
</kw>
<kw name="Get Text" owner="Browser">
<msg time="2024-10-26T10:27:16.015699" level="INFO">Text: 'Products'</msg>
<arg>css=span[data-test=title]</arg>
<arg>equal</arg>
<arg>${texto_logado}</arg>
<tag>Assertion</tag>
<tag>Getter</tag>
<tag>PageContent</tag>
<doc>Returns text attribute of the element found by ``selector``.</doc>
<status status="PASS" start="2024-10-26T10:27:15.941708" elapsed="0.073991"/>
</kw>
<arg>Products</arg>
<status status="PASS" start="2024-10-26T10:27:15.915719" elapsed="0.100979"/>
</kw>
<kw name="Take Screenshot" owner="Browser">
<msg time="2024-10-26T10:27:16.489696" level="INFO" html="true">&lt;/td&gt;&lt;/tr&gt;&lt;tr&gt;&lt;td colspan="3"&gt;&lt;a href="browser/screenshot/robotframework-browser-screenshot-10.png" target="_blank"&gt;&lt;img src="browser/screenshot/robotframework-browser-screenshot-10.png" width="800px"/&gt;&lt;/a&gt;</msg>
<tag>PageContent</tag>
<doc>Takes a screenshot of the current window or element and saves it to disk.</doc>
<status status="PASS" start="2024-10-26T10:27:16.020702" elapsed="0.468994"/>
</kw>
<kw name="Selecionar tipo de ordenação" owner="Home">
<kw name="Wait For Elements State" owner="Browser">
<msg time="2024-10-26T10:27:16.503696" level="INFO">Waited for Element with selector css=[class="product_sort_container"] at state visible</msg>
<arg>css=[class="product_sort_container"]</arg>
<arg>visible</arg>
<arg>5</arg>
<tag>PageContent</tag>
<tag>Wait</tag>
<doc>Waits for the element found by ``selector`` to satisfy state option.</doc>
<status status="PASS" start="2024-10-26T10:27:16.491695" elapsed="0.012001"/>
</kw>
<kw name="Select Options By" owner="Browser">
<msg time="2024-10-26T10:27:16.504696" level="INFO">Selects the option(s) Price (high to low) by attribute SelectAttribute.label from element css=[class="product_sort_container"].</msg>
<arg>css=[class="product_sort_container"]</arg>
<arg>text</arg>
<arg>${tipo_ordenacao}</arg>
<tag>PageContent</tag>
<tag>Setter</tag>
<doc>Selects options from select element found by ``selector``.</doc>
<status status="PASS" start="2024-10-26T10:27:16.503696" elapsed="0.077999"/>
</kw>
<arg>Price (high to low)</arg>
<status status="PASS" start="2024-10-26T10:27:16.490687" elapsed="0.091008"/>
</kw>
<kw name="Take Screenshot" owner="Browser">
<msg time="2024-10-26T10:27:16.787704" level="INFO" html="true">&lt;/td&gt;&lt;/tr&gt;&lt;tr&gt;&lt;td colspan="3"&gt;&lt;a href="browser/screenshot/robotframework-browser-screenshot-11.png" target="_blank"&gt;&lt;img src="browser/screenshot/robotframework-browser-screenshot-11.png" width="800px"/&gt;&lt;/a&gt;</msg>
<tag>PageContent</tag>
<doc>Takes a screenshot of the current window or element and saves it to disk.</doc>
<status status="PASS" start="2024-10-26T10:27:16.582691" elapsed="0.205998"/>
</kw>
<kw name="Encerrar testes" owner="Base" type="TEARDOWN">
<kw name="Take Screenshot" owner="Browser">
<msg time="2024-10-26T10:27:16.984698" level="INFO" html="true">&lt;/td&gt;&lt;/tr&gt;&lt;tr&gt;&lt;td colspan="3"&gt;&lt;a href="browser/screenshot/robotframework-browser-screenshot-12.png" target="_blank"&gt;&lt;img src="browser/screenshot/robotframework-browser-screenshot-12.png" width="800px"/&gt;&lt;/a&gt;</msg>
<tag>PageContent</tag>
<doc>Takes a screenshot of the current window or element and saves it to disk.</doc>
<status status="PASS" start="2024-10-26T10:27:16.789692" elapsed="0.195006"/>
</kw>
<kw name="Close Browser" owner="Browser">
<msg time="2024-10-26T10:27:17.365296" level="INFO">Closed browser</msg>
<tag>BrowserControl</tag>
<tag>Setter</tag>
<doc>Closes the current browser.</doc>
<status status="PASS" start="2024-10-26T10:27:16.984698" elapsed="0.380598"/>
</kw>
<status status="PASS" start="2024-10-26T10:27:16.789692" elapsed="0.576601"/>
</kw>
<status status="PASS" start="2024-10-26T10:27:12.616107" elapsed="4.751178"/>
</test>
<doc>Suite de testes automatizados para página de home saucedemo</doc>
<status status="PASS" start="2024-10-26T10:26:43.334279" elapsed="34.174016"/>
</suite>
<suite id="s1-s2" name="Login" source="C:\Desenvolvimento\Projetos_VisualCode\Projeto_Robot\saucedemo-robot\tests\login.robot">
<test id="s1-s2-t1" name="Realizar login com sucesso" line="18">
<kw name="Iniciar testes" owner="Base" type="SETUP">
<kw name="New Browser" owner="Browser">
<msg time="2024-10-26T10:27:17.861284" level="INFO">{"browser": "chromium", "headless": false, "chromiumSandbox": false, "devtools": false, "handleSIGHUP": true, "handleSIGINT": true, "handleSIGTERM": true, "slowMo": 0.0, "timeout": 30000.0, "tracesDir": "C:\\Desenvolvimento\\Projetos_VisualCode\\Projeto_Robot\\saucedemo-robot\\browser\\traces\\f56c5ed6-8490-4d76-ad9b-c168667d0991"}</msg>
<msg time="2024-10-26T10:27:18.918876" level="INFO">Successfully created browser with options: {"browser":"chromium","headless":false,"chromiumSandbox":false,"devtools":false,"handleSIGHUP":true,"handleSIGINT":true,"handleSIGTERM":true,"slowMo":0,"timeout":30000,"tracesDir":"C:\\Desenvolvimento\\Projetos_VisualCode\\Projeto_Robot\\saucedemo-robot\\browser\\traces\\f56c5ed6-8490-4d76-ad9b-c168667d0991"}</msg>
<arg>chromium</arg>
<arg>headless=False</arg>
<tag>BrowserControl</tag>
<tag>Setter</tag>
<doc>Create a new playwright Browser with specified options.</doc>
<status status="PASS" start="2024-10-26T10:27:17.858282" elapsed="1.060594"/>
</kw>
<kw name="New Page" owner="Browser">
<msg time="2024-10-26T10:27:21.211634" level="INFO">Successfully initialized new page object and opened url: https://www.saucedemo.com</msg>
<msg time="2024-10-26T10:27:21.212638" level="INFO">No context was open. New context was automatically opened when this page is created.</msg>
<arg>https://www.saucedemo.com</arg>
<tag>BrowserControl</tag>
<tag>Setter</tag>
<doc>Open a new Page.</doc>
<status status="PASS" start="2024-10-26T10:27:18.919884" elapsed="2.292754"/>
</kw>
<status status="PASS" start="2024-10-26T10:27:17.856293" elapsed="3.357351"/>
</kw>
<kw name="Validar titulo Swag Labs" owner="Login">
<kw name="Wait For Elements State" owner="Browser">
<msg time="2024-10-26T10:27:21.359835" level="INFO">Waited for Element with selector css=div[class=login_logo] at state visible</msg>
<arg>css=div[class=login_logo]</arg>
<arg>visible</arg>
<arg>5</arg>
<tag>PageContent</tag>
<tag>Wait</tag>
<doc>Waits for the element found by ``selector`` to satisfy state option.</doc>
<status status="PASS" start="2024-10-26T10:27:21.217642" elapsed="0.142193"/>
</kw>
<kw name="Get Text" owner="Browser">
<msg time="2024-10-26T10:27:21.496837" level="INFO">Text: 'Swag Labs'</msg>
<arg>css=div[class=login_logo]</arg>
<arg>equal</arg>
<arg>${validar_titulo}</arg>
<tag>Assertion</tag>
<tag>Getter</tag>
<tag>PageContent</tag>
<doc>Returns text attribute of the element found by ``selector``.</doc>
<status status="PASS" start="2024-10-26T10:27:21.360842" elapsed="0.136981"/>
</kw>
<arg>Swag Labs</arg>
<status status="PASS" start="2024-10-26T10:27:21.215641" elapsed="0.282182"/>
</kw>
<kw name="Realizar login" owner="Login">
<kw name="Wait For Elements State" owner="Browser">
<msg time="2024-10-26T10:27:21.525833" level="INFO">Waited for Element with selector css=input[placeholder=Username] at state visible</msg>
<arg>css=input[placeholder=Username]</arg>
<arg>visible</arg>
<arg>5</arg>
<tag>PageContent</tag>
<tag>Wait</tag>
<doc>Waits for the element found by ``selector`` to satisfy state option.</doc>
<status status="PASS" start="2024-10-26T10:27:21.500821" elapsed="0.025012"/>
</kw>
<kw name="Fill Text" owner="Browser">
<msg time="2024-10-26T10:27:21.530829" level="INFO">Fills the text 'standard_user' in the given field.</msg>
<arg>css=input[placeholder=Username]</arg>
<arg>${username}</arg>
<tag>PageContent</tag>
<tag>Setter</tag>
<doc>Clears and fills the given ``txt`` into the text field found by ``selector``.</doc>
<status status="PASS" start="2024-10-26T10:27:21.527831" elapsed="0.056002"/>
</kw>
<kw name="Wait For Elements State" owner="Browser">
<msg time="2024-10-26T10:27:21.600823" level="INFO">Waited for Element with selector css=input[placeholder=Password] at state visible</msg>
<arg>css=input[placeholder=Password]</arg>
<arg>visible</arg>
<arg>5</arg>
<tag>PageContent</tag>
<tag>Wait</tag>
<doc>Waits for the element found by ``selector`` to satisfy state option.</doc>
<status status="PASS" start="2024-10-26T10:27:21.584830" elapsed="0.015993"/>
</kw>
<kw name="Fill Text" owner="Browser">
<msg time="2024-10-26T10:27:21.602816" level="INFO">Fills the text 'secret_sauce' in the given field.</msg>
<arg>css=input[placeholder=Password]</arg>
<arg>${password}</arg>
<tag>PageContent</tag>
<tag>Setter</tag>
<doc>Clears and fills the given ``txt`` into the text field found by ``selector``.</doc>
<status status="PASS" start="2024-10-26T10:27:21.601816" elapsed="0.030010"/>
</kw>
<kw name="Click" owner="Browser">
<msg time="2024-10-26T10:27:21.632828" level="INFO">Clicks the element 'css=input[name=login-button]'.</msg>
<arg>css=input[name=login-button]</arg>
<tag>PageContent</tag>
<tag>Setter</tag>
<doc>Simulates mouse click on the element found by ``selector``.</doc>
<status status="PASS" start="2024-10-26T10:27:21.631826" elapsed="0.214004"/>
</kw>
<arg>${username}</arg>
<arg>${password}</arg>
<status status="PASS" start="2024-10-26T10:27:21.498820" elapsed="0.347010"/>
</kw>
<kw name="Validar login com sucesso" owner="Login">
<kw name="Wait For Elements State" owner="Browser">
<msg time="2024-10-26T10:27:21.872852" level="INFO">Waited for Element with selector css=span[data-test=title] at state visible</msg>
<arg>css=span[data-test=title]</arg>
<arg>visible</arg>
<arg>5</arg>
<tag>PageContent</tag>
<tag>Wait</tag>
<doc>Waits for the element found by ``selector`` to satisfy state option.</doc>
<status status="PASS" start="2024-10-26T10:27:21.849825" elapsed="0.024009"/>
</kw>
<kw name="Get Text" owner="Browser">
<msg time="2024-10-26T10:27:21.986827" level="INFO">Text: 'Products'</msg>
<arg>css=span[data-test=title]</arg>
<arg>equal</arg>
<arg>${texto_logado}</arg>
<tag>Assertion</tag>
<tag>Getter</tag>
<tag>PageContent</tag>
<doc>Returns text attribute of the element found by ``selector``.</doc>
<status status="PASS" start="2024-10-26T10:27:21.873834" elapsed="0.112993"/>
</kw>
<arg>Products</arg>
<status status="PASS" start="2024-10-26T10:27:21.847840" elapsed="0.139995"/>
</kw>
<kw name="Encerrar testes" owner="Base" type="TEARDOWN">
<kw name="Take Screenshot" owner="Browser">
<msg time="2024-10-26T10:27:22.348934" level="INFO" html="true">&lt;/td&gt;&lt;/tr&gt;&lt;tr&gt;&lt;td colspan="3"&gt;&lt;a href="browser/screenshot/robotframework-browser-screenshot-13.png" target="_blank"&gt;&lt;img src="browser/screenshot/robotframework-browser-screenshot-13.png" width="800px"/&gt;&lt;/a&gt;</msg>
<tag>PageContent</tag>
<doc>Takes a screenshot of the current window or element and saves it to disk.</doc>
<status status="PASS" start="2024-10-26T10:27:21.989833" elapsed="0.359101"/>
</kw>
<kw name="Close Browser" owner="Browser">
<msg time="2024-10-26T10:27:22.701076" level="INFO">Closed browser</msg>
<tag>BrowserControl</tag>
<tag>Setter</tag>
<doc>Closes the current browser.</doc>
<status status="PASS" start="2024-10-26T10:27:22.349932" elapsed="0.352134"/>
</kw>
<status status="PASS" start="2024-10-26T10:27:21.988839" elapsed="0.713227"/>
</kw>
<tag>Login</tag>
<tag>smoke</tag>
<status status="PASS" start="2024-10-26T10:27:17.841286" elapsed="4.861780"/>
</test>
<test id="s1-s2-t2" name="Realizar login com usuario bloqueado" line="24">
<kw name="Iniciar testes" owner="Base" type="SETUP">
<kw name="New Browser" owner="Browser">
<msg time="2024-10-26T10:27:22.802062" level="INFO">{"browser": "chromium", "headless": false, "chromiumSandbox": false, "devtools": false, "handleSIGHUP": true, "handleSIGINT": true, "handleSIGTERM": true, "slowMo": 0.0, "timeout": 30000.0, "tracesDir": "C:\\Desenvolvimento\\Projetos_VisualCode\\Projeto_Robot\\saucedemo-robot\\browser\\traces\\381cedf0-265c-44f4-97fe-899a7581ab89"}</msg>
<msg time="2024-10-26T10:27:23.369083" level="INFO">Successfully created browser with options: {"browser":"chromium","headless":false,"chromiumSandbox":false,"devtools":false,"handleSIGHUP":true,"handleSIGINT":true,"handleSIGTERM":true,"slowMo":0,"timeout":30000,"tracesDir":"C:\\Desenvolvimento\\Projetos_VisualCode\\Projeto_Robot\\saucedemo-robot\\browser\\traces\\381cedf0-265c-44f4-97fe-899a7581ab89"}</msg>
<arg>chromium</arg>
<arg>headless=False</arg>
<tag>BrowserControl</tag>
<tag>Setter</tag>
<doc>Create a new playwright Browser with specified options.</doc>
<status status="PASS" start="2024-10-26T10:27:22.801068" elapsed="0.568015"/>
</kw>
<kw name="New Page" owner="Browser">
<msg time="2024-10-26T10:27:25.241366" level="INFO">Successfully initialized new page object and opened url: https://www.saucedemo.com</msg>
<msg time="2024-10-26T10:27:25.241366" level="INFO">No context was open. New context was automatically opened when this page is created.</msg>
<arg>https://www.saucedemo.com</arg>
<tag>BrowserControl</tag>
<tag>Setter</tag>
<doc>Open a new Page.</doc>
<status status="PASS" start="2024-10-26T10:27:23.371076" elapsed="1.879294"/>
</kw>
<status status="PASS" start="2024-10-26T10:27:22.800064" elapsed="2.451302"/>
</kw>
<kw name="Validar titulo Swag Labs" owner="Login">
<kw name="Wait For Elements State" owner="Browser">
<msg time="2024-10-26T10:27:25.443367" level="INFO">Waited for Element with selector css=div[class=login_logo] at state visible</msg>
<arg>css=div[class=login_logo]</arg>
<arg>visible</arg>
<arg>5</arg>
<tag>PageContent</tag>
<tag>Wait</tag>
<doc>Waits for the element found by ``selector`` to satisfy state option.</doc>
<status status="PASS" start="2024-10-26T10:27:25.279379" elapsed="0.164991"/>
</kw>
<kw name="Get Text" owner="Browser">
<msg time="2024-10-26T10:27:25.605938" level="INFO">Text: 'Swag Labs'</msg>
<arg>css=div[class=login_logo]</arg>
<arg>equal</arg>
<arg>${validar_titulo}</arg>
<tag>Assertion</tag>
<tag>Getter</tag>
<tag>PageContent</tag>
<doc>Returns text attribute of the element found by ``selector``.</doc>
<status status="PASS" start="2024-10-26T10:27:25.445398" elapsed="0.161530"/>
</kw>
<arg>Swag Labs</arg>
<status status="PASS" start="2024-10-26T10:27:25.269367" elapsed="0.337561"/>
</kw>
<kw name="Realizar login" owner="Login">
<kw name="Wait For Elements State" owner="Browser">
<msg time="2024-10-26T10:27:25.653927" level="INFO">Waited for Element with selector css=input[placeholder=Username] at state visible</msg>
<arg>css=input[placeholder=Username]</arg>
<arg>visible</arg>
<arg>5</arg>
<tag>PageContent</tag>
<tag>Wait</tag>
<doc>Waits for the element found by ``selector`` to satisfy state option.</doc>
<status status="PASS" start="2024-10-26T10:27:25.613928" elapsed="0.042041"/>
</kw>
<kw name="Fill Text" owner="Browser">
<msg time="2024-10-26T10:27:25.660939" level="INFO">Fills the text 'locked_out_user' in the given field.</msg>
<arg>css=input[placeholder=Username]</arg>
<arg>${username}</arg>
<tag>PageContent</tag>
<tag>Setter</tag>
<doc>Clears and fills the given ``txt`` into the text field found by ``selector``.</doc>
<status status="PASS" start="2024-10-26T10:27:25.656928" elapsed="0.112576"/>
</kw>
<kw name="Wait For Elements State" owner="Browser">
<msg time="2024-10-26T10:27:25.805511" level="INFO">Waited for Element with selector css=input[placeholder=Password] at state visible</msg>
<arg>css=input[placeholder=Password]</arg>
<arg>visible</arg>
<arg>5</arg>
<tag>PageContent</tag>
<tag>Wait</tag>
<doc>Waits for the element found by ``selector`` to satisfy state option.</doc>
<status status="PASS" start="2024-10-26T10:27:25.770533" elapsed="0.036005"/>
</kw>
<kw name="Fill Text" owner="Browser">
<msg time="2024-10-26T10:27:25.809495" level="INFO">Fills the text 'secret_sauce' in the given field.</msg>
<arg>css=input[placeholder=Password]</arg>
<arg>${password}</arg>
<tag>PageContent</tag>
<tag>Setter</tag>
<doc>Clears and fills the given ``txt`` into the text field found by ``selector``.</doc>
<status status="PASS" start="2024-10-26T10:27:25.807509" elapsed="0.084486"/>
</kw>
<kw name="Click" owner="Browser">
<msg time="2024-10-26T10:27:25.894988" level="INFO">Clicks the element 'css=input[name=login-button]'.</msg>
<arg>css=input[name=login-button]</arg>
<tag>PageContent</tag>
<tag>Setter</tag>
<doc>Simulates mouse click on the element found by ``selector``.</doc>
<status status="PASS" start="2024-10-26T10:27:25.893975" elapsed="0.195142"/>
</kw>
<arg>${userblocked}</arg>
<arg>${password}</arg>
<status status="PASS" start="2024-10-26T10:27:25.611932" elapsed="0.478203"/>
</kw>
<kw name="Validar mensagem de erro" owner="Login">
<kw name="Wait For Elements State" owner="Browser">
<msg time="2024-10-26T10:27:26.138114" level="INFO">Waited for Element with selector css=div.error-message-container.error at state visible</msg>
<arg>css=div.error-message-container.error</arg>
<arg>visible</arg>
<arg>5</arg>
<tag>PageContent</tag>
<tag>Wait</tag>
<doc>Waits for the element found by ``selector`` to satisfy state option.</doc>
<status status="PASS" start="2024-10-26T10:27:26.094118" elapsed="0.044997"/>
</kw>
<kw name="Get Text" owner="Browser">
<msg time="2024-10-26T10:27:26.352224" level="INFO">Text: 'Epic sadface: Sorry, this user has been locked out.'</msg>
<arg>css=div.error-message-container.error</arg>
<arg>equal</arg>
<arg>${msgerro}</arg>
<tag>Assertion</tag>
<tag>Getter</tag>
<tag>PageContent</tag>
<doc>Returns text attribute of the element found by ``selector``.</doc>
<status status="PASS" start="2024-10-26T10:27:26.139115" elapsed="0.214116"/>
</kw>
<arg>Epic sadface: Sorry, this user has been locked out.</arg>
<status status="PASS" start="2024-10-26T10:27:26.092111" elapsed="0.261120"/>
</kw>
<kw name="Encerrar testes" owner="Base" type="TEARDOWN">
<kw name="Take Screenshot" owner="Browser">
<msg time="2024-10-26T10:27:26.623353" level="INFO" html="true">&lt;/td&gt;&lt;/tr&gt;&lt;tr&gt;&lt;td colspan="3"&gt;&lt;a href="browser/screenshot/robotframework-browser-screenshot-14.png" target="_blank"&gt;&lt;img src="browser/screenshot/robotframework-browser-screenshot-14.png" width="800px"/&gt;&lt;/a&gt;</msg>
<tag>PageContent</tag>
<doc>Takes a screenshot of the current window or element and saves it to disk.</doc>
<status status="PASS" start="2024-10-26T10:27:26.361218" elapsed="0.262135"/>
</kw>
<kw name="Close Browser" owner="Browser">
<msg time="2024-10-26T10:27:27.351911" level="INFO">Closed browser</msg>
<tag>BrowserControl</tag>
<tag>Setter</tag>
<doc>Closes the current browser.</doc>
<status status="PASS" start="2024-10-26T10:27:26.624347" elapsed="0.728557"/>
</kw>
<status status="PASS" start="2024-10-26T10:27:26.359221" elapsed="0.994685"/>
</kw>
<tag>invalid</tag>
<tag>Login</tag>
<status status="PASS" start="2024-10-26T10:27:22.795072" elapsed="4.562842"/>
</test>
<test id="s1-s2-t3" name="Realizar login com usuario em branco" line="30">
<kw name="Iniciar testes" owner="Base" type="SETUP">
<kw name="New Browser" owner="Browser">
<msg time="2024-10-26T10:27:27.590485" level="INFO">{"browser": "chromium", "headless": false, "chromiumSandbox": false, "devtools": false, "handleSIGHUP": true, "handleSIGINT": true, "handleSIGTERM": true, "slowMo": 0.0, "timeout": 30000.0, "tracesDir": "C:\\Desenvolvimento\\Projetos_VisualCode\\Projeto_Robot\\saucedemo-robot\\browser\\traces\\0fa1406f-63e4-4f4c-91be-370cef70a3c7"}</msg>
<msg time="2024-10-26T10:27:28.736045" level="INFO">Successfully created browser with options: {"browser":"chromium","headless":false,"chromiumSandbox":false,"devtools":false,"handleSIGHUP":true,"handleSIGINT":true,"handleSIGTERM":true,"slowMo":0,"timeout":30000,"tracesDir":"C:\\Desenvolvimento\\Projetos_VisualCode\\Projeto_Robot\\saucedemo-robot\\browser\\traces\\0fa1406f-63e4-4f4c-91be-370cef70a3c7"}</msg>
<arg>chromium</arg>
<arg>headless=False</arg>
<tag>BrowserControl</tag>
<tag>Setter</tag>
<doc>Create a new playwright Browser with specified options.</doc>
<status status="PASS" start="2024-10-26T10:27:27.583472" elapsed="1.153567"/>
</kw>
<kw name="New Page" owner="Browser">
<msg time="2024-10-26T10:27:30.622598" level="INFO">Successfully initialized new page object and opened url: https://www.saucedemo.com</msg>
<msg time="2024-10-26T10:27:30.622598" level="INFO">No context was open. New context was automatically opened when this page is created.</msg>
<arg>https://www.saucedemo.com</arg>
<tag>BrowserControl</tag>
<tag>Setter</tag>
<doc>Open a new Page.</doc>
<status status="PASS" start="2024-10-26T10:27:28.738042" elapsed="1.887543"/>
</kw>
<status status="PASS" start="2024-10-26T10:27:27.579482" elapsed="3.047113"/>
</kw>
<kw name="Validar titulo Swag Labs" owner="Login">
<kw name="Wait For Elements State" owner="Browser">
<msg time="2024-10-26T10:27:30.852880" level="INFO">Waited for Element with selector css=div[class=login_logo] at state visible</msg>
<arg>css=div[class=login_logo]</arg>
<arg>visible</arg>
<arg>5</arg>
<tag>PageContent</tag>
<tag>Wait</tag>
<doc>Waits for the element found by ``selector`` to satisfy state option.</doc>
<status status="PASS" start="2024-10-26T10:27:30.637597" elapsed="0.216290"/>
</kw>
<kw name="Get Text" owner="Browser">
<msg time="2024-10-26T10:27:30.984891" level="INFO">Text: 'Swag Labs'</msg>
<arg>css=div[class=login_logo]</arg>
<arg>equal</arg>
<arg>${validar_titulo}</arg>
<tag>Assertion</tag>
<tag>Getter</tag>
<tag>PageContent</tag>
<doc>Returns text attribute of the element found by ``selector``.</doc>
<status status="PASS" start="2024-10-26T10:27:30.854882" elapsed="0.131008"/>
</kw>
<arg>Swag Labs</arg>
[...]
</kw>
<kw name="Get Text" owner="Browser">
<msg time="2024-10-26T10:27:40.384719" level="INFO">Text: 'Epic sadface: Username and password do not match any user in this service'</msg>
<arg>css=div.error-message-container.error</arg>
<arg>equal</arg>
<arg>${msgerro}</arg>
<tag>Assertion</tag>
<tag>Getter</tag>
<tag>PageContent</tag>
<doc>Returns text attribute of the element found by ``selector``.</doc>
<status status="PASS" start="2024-10-26T10:27:40.289727" elapsed="0.095999"/>
</kw>
<arg>Epic sadface: Username and password do not match any user in this service</arg>
<status status="PASS" start="2024-10-26T10:27:40.236730" elapsed="0.148996"/>
</kw>
<kw name="Encerrar testes" owner="Base" type="TEARDOWN">
<kw name="Take Screenshot" owner="Browser">
<msg time="2024-10-26T10:27:40.630734" level="INFO" html="true">&lt;/td&gt;&lt;/tr&gt;&lt;tr&gt;&lt;td colspan="3"&gt;&lt;a href="browser/screenshot/robotframework-browser-screenshot-17.png" target="_blank"&gt;&lt;img src="browser/screenshot/robotframework-browser-screenshot-17.png" width="800px"/&gt;&lt;/a&gt;</msg>
<tag>PageContent</tag>
<doc>Takes a screenshot of the current window or element and saves it to disk.</doc>
<status status="PASS" start="2024-10-26T10:27:40.389725" elapsed="0.242000"/>
</kw>
<kw name="Close Browser" owner="Browser">
<msg time="2024-10-26T10:27:40.996732" level="INFO">Closed browser</msg>
<tag>BrowserControl</tag>
<tag>Setter</tag>
<doc>Closes the current browser.</doc>
<status status="PASS" start="2024-10-26T10:27:40.631725" elapsed="0.365007"/>
</kw>
<status status="PASS" start="2024-10-26T10:27:40.388738" elapsed="0.607994"/>
</kw>
<tag>invalid</tag>
<tag>Login</tag>
<status status="PASS" start="2024-10-26T10:27:36.918714" elapsed="4.080021"/>
</test>
<test id="s1-s2-t6" name="Realizar logout" line="48">
<kw name="Iniciar testes" owner="Base" type="SETUP">
<kw name="New Browser" owner="Browser">
<msg time="2024-10-26T10:27:41.083709" level="INFO">{"browser": "chromium", "headless": false, "chromiumSandbox": false, "devtools": false, "handleSIGHUP": true, "handleSIGINT": true, "handleSIGTERM": true, "slowMo": 0.0, "timeout": 30000.0, "tracesDir": "C:\\Desenvolvimento\\Projetos_VisualCode\\Projeto_Robot\\saucedemo-robot\\browser\\traces\\7eccc63d-f997-43f5-b638-e00209f561d4"}</msg>
<msg time="2024-10-26T10:27:41.940280" level="INFO">Successfully created browser with options: {"browser":"chromium","headless":false,"chromiumSandbox":false,"devtools":false,"handleSIGHUP":true,"handleSIGINT":true,"handleSIGTERM":true,"slowMo":0,"timeout":30000,"tracesDir":"C:\\Desenvolvimento\\Projetos_VisualCode\\Projeto_Robot\\saucedemo-robot\\browser\\traces\\7eccc63d-f997-43f5-b638-e00209f561d4"}</msg>
<arg>chromium</arg>
<arg>headless=False</arg>
<tag>BrowserControl</tag>
<tag>Setter</tag>
<doc>Create a new playwright Browser with specified options.</doc>
<status status="PASS" start="2024-10-26T10:27:41.081714" elapsed="0.861565"/>
</kw>
<kw name="New Page" owner="Browser">
<msg time="2024-10-26T10:27:43.161277" level="INFO">Successfully initialized new page object and opened url: https://www.saucedemo.com</msg>
<msg time="2024-10-26T10:27:43.162286" level="INFO">No context was open. New context was automatically opened when this page is created.</msg>
<arg>https://www.saucedemo.com</arg>
<tag>BrowserControl</tag>
<tag>Setter</tag>
<doc>Open a new Page.</doc>
<status status="PASS" start="2024-10-26T10:27:41.946293" elapsed="1.216992"/>
</kw>
<status status="PASS" start="2024-10-26T10:27:41.081714" elapsed="2.081571"/>
</kw>
<kw name="Validar titulo Swag Labs" owner="Login">
<kw name="Wait For Elements State" owner="Browser">
<msg time="2024-10-26T10:27:43.267283" level="INFO">Waited for Element with selector css=div[class=login_logo] at state visible</msg>
<arg>css=div[class=login_logo]</arg>
<arg>visible</arg>
<arg>5</arg>
<tag>PageContent</tag>
<tag>Wait</tag>
<doc>Waits for the element found by ``selector`` to satisfy state option.</doc>
<status status="PASS" start="2024-10-26T10:27:43.165281" elapsed="0.103002"/>
</kw>
<kw name="Get Text" owner="Browser">
<msg time="2024-10-26T10:27:43.359281" level="INFO">Text: 'Swag Labs'</msg>
<arg>css=div[class=login_logo]</arg>
<arg>equal</arg>
<arg>${validar_titulo}</arg>
<tag>Assertion</tag>
<tag>Getter</tag>
<tag>PageContent</tag>
<doc>Returns text attribute of the element found by ``selector``.</doc>
<status status="PASS" start="2024-10-26T10:27:43.269283" elapsed="0.089998"/>
</kw>
<arg>Swag Labs</arg>
<status status="PASS" start="2024-10-26T10:27:43.165281" elapsed="0.194000"/>
</kw>
<kw name="Realizar login" owner="Login">
<kw name="Wait For Elements State" owner="Browser">
<msg time="2024-10-26T10:27:43.377281" level="INFO">Waited for Element with selector css=input[placeholder=Username] at state visible</msg>
<arg>css=input[placeholder=Username]</arg>
<arg>visible</arg>
<arg>5</arg>
<tag>PageContent</tag>
<tag>Wait</tag>
<doc>Waits for the element found by ``selector`` to satisfy state option.</doc>
<status status="PASS" start="2024-10-26T10:27:43.362276" elapsed="0.016003"/>
</kw>
<kw name="Fill Text" owner="Browser">
<msg time="2024-10-26T10:27:43.380279" level="INFO">Fills the text 'standard_user' in the given field.</msg>
<arg>css=input[placeholder=Username]</arg>
<arg>${username}</arg>
<tag>PageContent</tag>
<tag>Setter</tag>
<doc>Clears and fills the given ``txt`` into the text field found by ``selector``.</doc>
<status status="PASS" start="2024-10-26T10:27:43.378279" elapsed="0.061015"/>
</kw>
<kw name="Wait For Elements State" owner="Browser">
<msg time="2024-10-26T10:27:43.459281" level="INFO">Waited for Element with selector css=input[placeholder=Password] at state visible</msg>
<arg>css=input[placeholder=Password]</arg>
<arg>visible</arg>
<arg>5</arg>
<tag>PageContent</tag>
<tag>Wait</tag>
<doc>Waits for the element found by ``selector`` to satisfy state option.</doc>
<status status="PASS" start="2024-10-26T10:27:43.440285" elapsed="0.018996"/>
</kw>
<kw name="Fill Text" owner="Browser">
<msg time="2024-10-26T10:27:43.461268" level="INFO">Fills the text 'secret_sauce' in the given field.</msg>
<arg>css=input[placeholder=Password]</arg>
<arg>${password}</arg>
<tag>PageContent</tag>
<tag>Setter</tag>
<doc>Clears and fills the given ``txt`` into the text field found by ``selector``.</doc>
<status status="PASS" start="2024-10-26T10:27:43.460276" elapsed="0.037010"/>
</kw>
<kw name="Click" owner="Browser">
<msg time="2024-10-26T10:27:43.499287" level="INFO">Clicks the element 'css=input[name=login-button]'.</msg>
<arg>css=input[name=login-button]</arg>
<tag>PageContent</tag>
<tag>Setter</tag>
<doc>Simulates mouse click on the element found by ``selector``.</doc>
<status status="PASS" start="2024-10-26T10:27:43.497286" elapsed="0.201995"/>
</kw>
<arg>${username}</arg>
<arg>${password}</arg>
<status status="PASS" start="2024-10-26T10:27:43.361278" elapsed="0.338003"/>
</kw>
<kw name="Validar login com sucesso" owner="Login">
<kw name="Wait For Elements State" owner="Browser">
<msg time="2024-10-26T10:27:43.722287" level="INFO">Waited for Element with selector css=span[data-test=title] at state visible</msg>
<arg>css=span[data-test=title]</arg>
<arg>visible</arg>
<arg>5</arg>
<tag>PageContent</tag>
<tag>Wait</tag>
<doc>Waits for the element found by ``selector`` to satisfy state option.</doc>
<status status="PASS" start="2024-10-26T10:27:43.701277" elapsed="0.021997"/>
</kw>
<kw name="Get Text" owner="Browser">
<msg time="2024-10-26T10:27:43.838277" level="INFO">Text: 'Products'</msg>
<arg>css=span[data-test=title]</arg>
<arg>equal</arg>
<arg>${texto_logado}</arg>
<tag>Assertion</tag>
<tag>Getter</tag>
<tag>PageContent</tag>
<doc>Returns text attribute of the element found by ``selector``.</doc>
<status status="PASS" start="2024-10-26T10:27:43.724287" elapsed="0.113990"/>
</kw>
<arg>Products</arg>
<status status="PASS" start="2024-10-26T10:27:43.701277" elapsed="0.137994"/>
</kw>
<kw name="Clicar em logout" owner="Login">
<kw name="Wait For Elements State" owner="Browser">
<msg time="2024-10-26T10:27:43.857279" level="INFO">Waited for Element with selector id=react-burger-menu-btn at state visible</msg>
<arg>id=react-burger-menu-btn</arg>
<arg>visible</arg>
<arg>5</arg>
<tag>PageContent</tag>
<tag>Wait</tag>
<doc>Waits for the element found by ``selector`` to satisfy state option.</doc>
<status status="PASS" start="2024-10-26T10:27:43.841273" elapsed="0.016006"/>
</kw>
<kw name="Click" owner="Browser">
<msg time="2024-10-26T10:27:43.859276" level="INFO">Clicks the element 'id=react-burger-menu-btn'.</msg>
<arg>id=react-burger-menu-btn</arg>
<tag>PageContent</tag>
<tag>Setter</tag>
<doc>Simulates mouse click on the element found by ``selector``.</doc>
<status status="PASS" start="2024-10-26T10:27:43.858282" elapsed="0.249994"/>
</kw>
<kw name="Wait For Elements State" owner="Browser">
<msg time="2024-10-26T10:27:44.120273" level="INFO">Waited for Element with selector id=logout_sidebar_link at state visible</msg>
<arg>id=logout_sidebar_link</arg>
<arg>visible</arg>
<arg>5</arg>
<tag>PageContent</tag>
<tag>Wait</tag>
<doc>Waits for the element found by ``selector`` to satisfy state option.</doc>
<status status="PASS" start="2024-10-26T10:27:44.108276" elapsed="0.011997"/>
</kw>
<kw name="Click" owner="Browser">
<msg time="2024-10-26T10:27:44.121272" level="INFO">Clicks the element 'id=logout_sidebar_link'.</msg>
<arg>id=logout_sidebar_link</arg>
<tag>PageContent</tag>
<tag>Setter</tag>
<doc>Simulates mouse click on the element found by ``selector``.</doc>
<status status="PASS" start="2024-10-26T10:27:44.120273" elapsed="0.958124"/>
</kw>
<status status="PASS" start="2024-10-26T10:27:43.840270" elapsed="1.239121"/>
</kw>
<kw name="Validar titulo Swag Labs" owner="Login">
<kw name="Wait For Elements State" owner="Browser">
<msg time="2024-10-26T10:27:45.090081" level="INFO">Waited for Element with selector css=div[class=login_logo] at state visible</msg>
<arg>css=div[class=login_logo]</arg>
<arg>visible</arg>
<arg>5</arg>
<tag>PageContent</tag>
<tag>Wait</tag>
<doc>Waits for the element found by ``selector`` to satisfy state option.</doc>
<status status="PASS" start="2024-10-26T10:27:45.080399" elapsed="0.009682"/>
</kw>
<kw name="Get Text" owner="Browser">
<msg time="2024-10-26T10:27:45.115105" level="INFO">Text: 'Swag Labs'</msg>
<arg>css=div[class=login_logo]</arg>
<arg>equal</arg>
<arg>${validar_titulo}</arg>
<tag>Assertion</tag>
<tag>Getter</tag>
<tag>PageContent</tag>
<doc>Returns text attribute of the element found by ``selector``.</doc>
<status status="PASS" start="2024-10-26T10:27:45.090081" elapsed="0.025024"/>
</kw>
<arg>Swag Labs</arg>
<status status="PASS" start="2024-10-26T10:27:45.080399" elapsed="0.034706"/>
</kw>
<kw name="Encerrar testes" owner="Base" type="TEARDOWN">
<kw name="Take Screenshot" owner="Browser">
<msg time="2024-10-26T10:27:45.252416" level="INFO" html="true">&lt;/td&gt;&lt;/tr&gt;&lt;tr&gt;&lt;td colspan="3"&gt;&lt;a href="browser/screenshot/robotframework-browser-screenshot-18.png" target="_blank"&gt;&lt;img src="browser/screenshot/robotframework-browser-screenshot-18.png" width="800px"/&gt;&lt;/a&gt;</msg>
<tag>PageContent</tag>
<doc>Takes a screenshot of the current window or element and saves it to disk.</doc>
<status status="PASS" start="2024-10-26T10:27:45.117105" elapsed="0.135311"/>
</kw>
<kw name="Close Browser" owner="Browser">
<msg time="2024-10-26T10:27:45.527419" level="INFO">Closed browser</msg>
<tag>BrowserControl</tag>
<tag>Setter</tag>
<doc>Closes the current browser.</doc>
<status status="PASS" start="2024-10-26T10:27:45.252416" elapsed="0.275003"/>
</kw>
<status status="PASS" start="2024-10-26T10:27:45.117105" elapsed="0.410314"/>
</kw>
<tag>Login</tag>
<tag>smoke</tag>
<status status="PASS" start="2024-10-26T10:27:41.075713" elapsed="4.452706"/>
</test>
<test id="s1-s2-t7" name="Realizar login com credenciais em branco" line="56">
<kw name="Iniciar testes" owner="Base" type="SETUP">
<kw name="New Browser" owner="Browser">
<msg time="2024-10-26T10:27:45.632414" level="INFO">{"browser": "chromium", "headless": false, "chromiumSandbox": false, "devtools": false, "handleSIGHUP": true, "handleSIGINT": true, "handleSIGTERM": true, "slowMo": 0.0, "timeout": 30000.0, "tracesDir": "C:\\Desenvolvimento\\Projetos_VisualCode\\Projeto_Robot\\saucedemo-robot\\browser\\traces\\4be55b4c-037f-4a73-8e61-5d9e4bd531f7"}</msg>
<msg time="2024-10-26T10:27:46.246584" level="INFO">Successfully created browser with options: {"browser":"chromium","headless":false,"chromiumSandbox":false,"devtools":false,"handleSIGHUP":true,"handleSIGINT":true,"handleSIGTERM":true,"slowMo":0,"timeout":30000,"tracesDir":"C:\\Desenvolvimento\\Projetos_VisualCode\\Projeto_Robot\\saucedemo-robot\\browser\\traces\\4be55b4c-037f-4a73-8e61-5d9e4bd531f7"}</msg>
<arg>chromium</arg>
<arg>headless=False</arg>
<tag>BrowserControl</tag>
<tag>Setter</tag>
<doc>Create a new playwright Browser with specified options.</doc>
<status status="PASS" start="2024-10-26T10:27:45.631415" elapsed="0.616173"/>
</kw>
<kw name="New Page" owner="Browser">
<msg time="2024-10-26T10:27:47.401588" level="INFO">Successfully initialized new page object and opened url: https://www.saucedemo.com</msg>
<msg time="2024-10-26T10:27:47.401588" level="INFO">No context was open. New context was automatically opened when this page is created.</msg>
<arg>https://www.saucedemo.com</arg>
<tag>BrowserControl</tag>
<tag>Setter</tag>
<doc>Open a new Page.</doc>
<status status="PASS" start="2024-10-26T10:27:46.248593" elapsed="1.154014"/>
</kw>
<status status="PASS" start="2024-10-26T10:27:45.630419" elapsed="1.772188"/>
</kw>
<kw name="Validar titulo Swag Labs" owner="Login">
<kw name="Wait For Elements State" owner="Browser">
<msg time="2024-10-26T10:27:47.518592" level="INFO">Waited for Element with selector css=div[class=login_logo] at state visible</msg>
<arg>css=div[class=login_logo]</arg>
<arg>visible</arg>
<arg>5</arg>
<tag>PageContent</tag>
<tag>Wait</tag>
<doc>Waits for the element found by ``selector`` to satisfy state option.</doc>
<status status="PASS" start="2024-10-26T10:27:47.404593" elapsed="0.113999"/>
</kw>
<kw name="Get Text" owner="Browser">
<msg time="2024-10-26T10:27:47.596585" level="INFO">Text: 'Swag Labs'</msg>
<arg>css=div[class=login_logo]</arg>
<arg>equal</arg>
<arg>${validar_titulo}</arg>
<tag>Assertion</tag>
<tag>Getter</tag>
<tag>PageContent</tag>
<doc>Returns text attribute of the element found by ``selector``.</doc>
<status status="PASS" start="2024-10-26T10:27:47.519593" elapsed="0.076992"/>
</kw>
<arg>Swag Labs</arg>
<status status="PASS" start="2024-10-26T10:27:47.403591" elapsed="0.193995"/>
</kw>
<kw name="Realizar login" owner="Login">
<kw name="Wait For Elements State" owner="Browser">
<msg time="2024-10-26T10:27:47.619593" level="INFO">Waited for Element with selector css=input[placeholder=Username] at state visible</msg>
<arg>css=input[placeholder=Username]</arg>
<arg>visible</arg>
<arg>5</arg>
<tag>PageContent</tag>
<tag>Wait</tag>
<doc>Waits for the element found by ``selector`` to satisfy state option.</doc>
<status status="PASS" start="2024-10-26T10:27:47.601579" elapsed="0.019016"/>
</kw>
<kw name="Fill Text" owner="Browser">
<msg time="2024-10-26T10:27:47.623596" level="INFO">Fills the text '' in the given field.</msg>
<arg>css=input[placeholder=Username]</arg>
<arg>${username}</arg>
<tag>PageContent</tag>
<tag>Setter</tag>
<doc>Clears and fills the given ``txt`` into the text field found by ``selector``.</doc>
<status status="PASS" start="2024-10-26T10:27:47.620595" elapsed="0.056983"/>
</kw>
<kw name="Wait For Elements State" owner="Browser">
<msg time="2024-10-26T10:27:47.694586" level="INFO">Waited for Element with selector css=input[placeholder=Password] at state visible</msg>
<arg>css=input[placeholder=Password]</arg>
<arg>visible</arg>
<arg>5</arg>
<tag>PageContent</tag>
<tag>Wait</tag>
<doc>Waits for the element found by ``selector`` to satisfy state option.</doc>
<status status="PASS" start="2024-10-26T10:27:47.678581" elapsed="0.016005"/>
</kw>
<kw name="Fill Text" owner="Browser">
<msg time="2024-10-26T10:27:47.697589" level="INFO">Fills the text '' in the given field.</msg>
<arg>css=input[placeholder=Password]</arg>
<arg>${password}</arg>
<tag>PageContent</tag>
<tag>Setter</tag>
<doc>Clears and fills the given ``txt`` into the text field found by ``selector``.</doc>
<status status="PASS" start="2024-10-26T10:27:47.695588" elapsed="0.046998"/>
</kw>
<kw name="Click" owner="Browser">
<msg time="2024-10-26T10:27:47.744581" level="INFO">Clicks the element 'css=input[name=login-button]'.</msg>
<arg>css=input[name=login-button]</arg>
<tag>PageContent</tag>
<tag>Setter</tag>
<doc>Simulates mouse click on the element found by ``selector``.</doc>
<status status="PASS" start="2024-10-26T10:27:47.743582" elapsed="0.112999"/>
</kw>
<arg>${EMPTY}</arg>
<arg>${EMPTY}</arg>
<status status="PASS" start="2024-10-26T10:27:47.598587" elapsed="0.257994"/>
</kw>
<kw name="Validar mensagem de erro" owner="Login">
<kw name="Wait For Elements State" owner="Browser">
<msg time="2024-10-26T10:27:47.877593" level="INFO">Waited for Element with selector css=div.error-message-container.error at state visible</msg>
<arg>css=div.error-message-container.error</arg>
<arg>visible</arg>
<arg>5</arg>
<tag>PageContent</tag>
<tag>Wait</tag>
<doc>Waits for the element found by ``selector`` to satisfy state option.</doc>
<status status="PASS" start="2024-10-26T10:27:47.858594" elapsed="0.018999"/>
</kw>
<kw name="Get Text" owner="Browser">
<msg time="2024-10-26T10:27:47.931590" level="INFO">Text: 'Epic sadface: Username is required'</msg>
<arg>css=div.error-message-container.error</arg>
<arg>equal</arg>
<arg>${msgerro}</arg>
<tag>Assertion</tag>
<tag>Getter</tag>
<tag>PageContent</tag>
<doc>Returns text attribute of the element found by ``selector``.</doc>
<status status="PASS" start="2024-10-26T10:27:47.878591" elapsed="0.052999"/>
</kw>
<arg>Epic sadface: Username is required</arg>
<status status="PASS" start="2024-10-26T10:27:47.857578" elapsed="0.075018"/>
</kw>
<kw name="Encerrar testes" owner="Base" type="TEARDOWN">
<kw name="Take Screenshot" owner="Browser">
<msg time="2024-10-26T10:27:48.163589" level="INFO" html="true">&lt;/td&gt;&lt;/tr&gt;&lt;tr&gt;&lt;td colspan="3"&gt;&lt;a href="browser/screenshot/robotframework-browser-screenshot-19.png" target="_blank"&gt;&lt;img src="browser/screenshot/robotframework-browser-screenshot-19.png" width="800px"/&gt;&lt;/a&gt;</msg>
<tag>PageContent</tag>
<doc>Takes a screenshot of the current window or element and saves it to disk.</doc>
<status status="PASS" start="2024-10-26T10:27:47.935584" elapsed="0.228005"/>
</kw>
<kw name="Close Browser" owner="Browser">
<msg time="2024-10-26T10:27:48.626605" level="INFO">Closed browser</msg>
<tag>BrowserControl</tag>
<tag>Setter</tag>
<doc>Closes the current browser.</doc>
<status status="PASS" start="2024-10-26T10:27:48.163589" elapsed="0.464006"/>
</kw>
<status status="PASS" start="2024-10-26T10:27:47.934586" elapsed="0.693009"/>
</kw>
<tag>invalid</tag>
<tag>Login</tag>
<status status="PASS" start="2024-10-26T10:27:45.622415" elapsed="3.007182"/>
</test>
<doc>Suite de testes automatizados para página de login saucedemo</doc>
<status status="PASS" start="2024-10-26T10:27:17.752882" elapsed="31.027702"/>
</suite>
<status status="PASS" start="2024-10-26T10:26:43.225288" elapsed="65.671313"/>
</suite>
<statistics>
<total>
<stat pass="13" fail="0" skip="0">All Tests</stat>
</total>
<tag>
<stat pass="5" fail="0" skip="0">invalid</stat>
<stat pass="7" fail="0" skip="0">Login</stat>
<stat pass="2" fail="0" skip="0">smoke</stat>
</tag>
<suite>
<stat pass="13" fail="0" skip="0" id="s1" name="Tests">Tests</stat>
<stat pass="6" fail="0" skip="0" id="s1-s1" name="Home">Tests.Home</stat>
<stat pass="7" fail="0" skip="0" id="s1-s2" name="Login">Tests.Login</stat>
</suite>
</statistics>
<errors>
</errors>
</robot>
