<?xml version="1.0" encoding="UTF-8"?>
<robot generator="Robot 7.0.1 (Python 3.12.5 on win32)" generated="2024-11-20T08:51:35.523882" rpa="false" schemaversion="5">
<suite id="s1" name="Login" source="c:\Desenvolvimento\Projetos_VisualCode\Projetos_Robot\saucedemo-robot\tests\login.robot">
<test id="s1-t1" name="Realizar login com sucesso" line="18">
<kw name="Iniciar testes" owner="Base" type="SETUP">
<kw name="New Browser" owner="Browser">
<msg time="2024-11-20T08:51:38.692307" level="INFO">{"browser": "chromium", "headless": false, "chromiumSandbox": false, "devtools": false, "handleSIGHUP": true, "handleSIGINT": true, "handleSIGTERM": true, "slowMo": 0.0, "timeout": 30000.0, "tracesDir": "C:\\Desenvolvimento\\Projetos_VisualCode\\Projetos_Robot\\saucedemo-robot\\browser\\traces\\d8d8f520-33ea-4d78-b1f5-3c747507a1b9"}</msg>
<msg time="2024-11-20T08:51:40.155901" level="INFO">Successfully created browser with options: {"browser":"chromium","headless":false,"chromiumSandbox":false,"devtools":false,"handleSIGHUP":true,"handleSIGINT":true,"handleSIGTERM":true,"slowMo":0,"timeout":30000,"tracesDir":"C:\\Desenvolvimento\\Projetos_VisualCode\\Projetos_Robot\\saucedemo-robot\\browser\\traces\\d8d8f520-33ea-4d78-b1f5-3c747507a1b9"}</msg>
<arg>chromium</arg>
<arg>headless=False</arg>
<tag>BrowserControl</tag>
<tag>Setter</tag>
<doc>Create a new playwright Browser with specified options.</doc>
<status status="PASS" start="2024-11-20T08:51:38.690306" elapsed="1.466597"/>
</kw>
<kw name="New Page" owner="Browser">
<msg time="2024-11-20T08:51:41.467910" level="INFO">Successfully initialized new page object and opened url: https://www.saucedemo.com</msg>
<msg time="2024-11-20T08:51:41.467910" level="INFO">No context was open. New context was automatically opened when this page is created.</msg>
<arg>https://www.saucedemo.com</arg>
<tag>BrowserControl</tag>
<tag>Setter</tag>
<doc>Open a new Page.</doc>
<status status="PASS" start="2024-11-20T08:51:40.156903" elapsed="1.312014"/>
</kw>
<status status="PASS" start="2024-11-20T08:51:38.689305" elapsed="2.780625"/>
</kw>
<kw name="Validar titulo Swag Labs" owner="Login">
<kw name="Wait For Elements State" owner="Browser">
<msg time="2024-11-20T08:51:41.574912" level="INFO">Waited for Element with selector css=div[class=login_logo] at state visible</msg>
<arg>css=div[class=login_logo]</arg>
<arg>visible</arg>
<arg>5</arg>
<tag>PageContent</tag>
<tag>Wait</tag>
<doc>Waits for the element found by ``selector`` to satisfy state option.</doc>
<status status="PASS" start="2024-11-20T08:51:41.471919" elapsed="0.104995"/>
</kw>
<kw name="Get Text" owner="Browser">
<msg time="2024-11-20T08:51:41.647908" level="INFO">Text: 'Swag Labs'</msg>
<arg>css=div[class=login_logo]</arg>
<arg>equal</arg>
<arg>${validar_titulo}</arg>
<tag>Assertion</tag>
<tag>Getter</tag>
<tag>PageContent</tag>
<doc>Returns text attribute of the element found by ``selector``.</doc>
<status status="PASS" start="2024-11-20T08:51:41.576914" elapsed="0.070994"/>
</kw>
<arg>Swag Labs</arg>
<status status="PASS" start="2024-11-20T08:51:41.470912" elapsed="0.176996"/>
</kw>
<kw name="Realizar login" owner="Login">
<kw name="Wait For Elements State" owner="Browser">
<msg time="2024-11-20T08:51:41.665910" level="INFO">Waited for Element with selector css=input[placeholder=Username] at state visible</msg>
<arg>css=input[placeholder=Username]</arg>
<arg>visible</arg>
<arg>5</arg>
<tag>PageContent</tag>
<tag>Wait</tag>
<doc>Waits for the element found by ``selector`` to satisfy state option.</doc>
<status status="PASS" start="2024-11-20T08:51:41.649912" elapsed="0.016997"/>
</kw>
<kw name="Fill Text" owner="Browser">
<msg time="2024-11-20T08:51:41.668921" level="INFO">Fills the text 'standard_user' in the given field.</msg>
<arg>css=input[placeholder=Username]</arg>
<arg>${username}</arg>
<tag>PageContent</tag>
<tag>Setter</tag>
<doc>Clears and fills the given ``txt`` into the text field found by ``selector``.</doc>
<status status="PASS" start="2024-11-20T08:51:41.666909" elapsed="0.047007"/>
</kw>
<kw name="Wait For Elements State" owner="Browser">
<msg time="2024-11-20T08:51:41.741922" level="INFO">Waited for Element with selector css=input[placeholder=Password] at state visible</msg>
<arg>css=input[placeholder=Password]</arg>
<arg>visible</arg>
<arg>5</arg>
<tag>PageContent</tag>
<tag>Wait</tag>
<doc>Waits for the element found by ``selector`` to satisfy state option.</doc>
<status status="PASS" start="2024-11-20T08:51:41.713916" elapsed="0.028006"/>
</kw>
<kw name="Fill Text" owner="Browser">
<msg time="2024-11-20T08:51:41.742909" level="INFO">Fills the text 'secret_sauce' in the given field.</msg>
<arg>css=input[placeholder=Password]</arg>
<arg>${password}</arg>
<tag>PageContent</tag>
<tag>Setter</tag>
<doc>Clears and fills the given ``txt`` into the text field found by ``selector``.</doc>
<status status="PASS" start="2024-11-20T08:51:41.741922" elapsed="0.039992"/>
</kw>
<kw name="Click" owner="Browser">
<msg time="2024-11-20T08:51:41.783911" level="INFO">Clicks the element 'css=input[name=login-button]'.</msg>
<arg>css=input[name=login-button]</arg>
<tag>PageContent</tag>
<tag>Setter</tag>
<doc>Simulates mouse click on the element found by ``selector``.</doc>
<status status="PASS" start="2024-11-20T08:51:41.781914" elapsed="0.183005"/>
</kw>
<arg>${username}</arg>
<arg>${password}</arg>
<status status="PASS" start="2024-11-20T08:51:41.649912" elapsed="0.315007"/>
</kw>
<kw name="Validar login com sucesso" owner="Login">
<kw name="Wait For Elements State" owner="Browser">
<msg time="2024-11-20T08:51:41.982915" level="INFO">Waited for Element with selector css=span[data-test=title] at state visible</msg>
<arg>css=span[data-test=title]</arg>
<arg>visible</arg>
<arg>5</arg>
<tag>PageContent</tag>
<tag>Wait</tag>
<doc>Waits for the element found by ``selector`` to satisfy state option.</doc>
<status status="PASS" start="2024-11-20T08:51:41.967921" elapsed="0.015993"/>
</kw>
<kw name="Get Text" owner="Browser">
<msg time="2024-11-20T08:51:42.052916" level="INFO">Text: 'Products'</msg>
<arg>css=span[data-test=title]</arg>
<arg>equal</arg>
<arg>${texto_logado}</arg>
<tag>Assertion</tag>
<tag>Getter</tag>
<tag>PageContent</tag>
<doc>Returns text attribute of the element found by ``selector``.</doc>
<status status="PASS" start="2024-11-20T08:51:41.983914" elapsed="0.070006"/>
</kw>
<arg>Products</arg>
<status status="PASS" start="2024-11-20T08:51:41.966917" elapsed="0.087997"/>
</kw>
<kw name="Encerrar testes" owner="Base" type="TEARDOWN">
<kw name="Take Screenshot" owner="Browser">
<msg time="2024-11-20T08:51:42.367931" level="INFO" html="true">&lt;/td&gt;&lt;/tr&gt;&lt;tr&gt;&lt;td colspan="3"&gt;&lt;a href="browser/screenshot/robotframework-browser-screenshot-1.png" target="_blank"&gt;&lt;img src="browser/screenshot/robotframework-browser-screenshot-1.png" width="800px"/&gt;&lt;/a&gt;</msg>
<tag>PageContent</tag>
<doc>Takes a screenshot of the current window or element and saves it to disk.</doc>
<status status="PASS" start="2024-11-20T08:51:42.078913" elapsed="0.289018"/>
</kw>
<kw name="Close Browser" owner="Browser">
<msg time="2024-11-20T08:51:42.714914" level="INFO">Closed browser</msg>
<tag>BrowserControl</tag>
<tag>Setter</tag>
<doc>Closes the current browser.</doc>
<status status="PASS" start="2024-11-20T08:51:42.368914" elapsed="0.347002"/>
</kw>
<status status="PASS" start="2024-11-20T08:51:42.076916" elapsed="0.639000"/>
</kw>
<tag>Login</tag>
<tag>smoke</tag>
<status status="PASS" start="2024-11-20T08:51:38.683549" elapsed="4.033367"/>
</test>
<doc>Suite de testes automatizados para página de login saucedemo</doc>
<status status="PASS" start="2024-11-20T08:51:35.536883" elapsed="7.255032"/>
</suite>
<statistics>
<total>
<stat pass="1" fail="0" skip="0">All Tests</stat>
</total>
<tag>
<stat pass="1" fail="0" skip="0">Login</stat>
<stat pass="1" fail="0" skip="0">smoke</stat>
</tag>
<suite>
<stat pass="1" fail="0" skip="0" id="s1" name="Login">Login</stat>
</suite>
</statistics>
<errors>
</errors>
</robot>
